2023-03-25T10:59:38.767641+00:00 INFO 'ansible_navigator.setup_logger' New ansible-navigator instance, logging initialized
2023-03-25T10:59:38.769137+00:00 INFO 'ansible_navigator.setup_logger' New ansible-runner instance, logging initialized
2023-03-25T10:59:38.769189+00:00 DEBUG 'ansible_navigator.main' ansible-builder==1.1.0 /usr/lib/python3.9/site-packages
2023-03-25T10:59:38.769216+00:00 DEBUG 'ansible_navigator.main' ansible-core==2.13.0 /usr/lib/python3.9/site-packages
2023-03-25T10:59:38.769238+00:00 DEBUG 'ansible_navigator.main' ansible-navigator==2.1.0 /usr/lib/python3.9/site-packages
2023-03-25T10:59:38.769258+00:00 DEBUG 'ansible_navigator.main' ansible-runner==2.2.0 /usr/lib/python3.9/site-packages
2023-03-25T10:59:38.769279+00:00 DEBUG 'ansible_navigator.main' attrs==21.4.0 /usr/lib/python3.9/site-packages
2023-03-25T10:59:38.769298+00:00 DEBUG 'ansible_navigator.main' babel==2.9.1 /usr/lib/python3.9/site-packages
2023-03-25T10:59:38.769318+00:00 DEBUG 'ansible_navigator.main' bindep==2.10.2 /usr/lib/python3.9/site-packages
2023-03-25T10:59:38.769337+00:00 DEBUG 'ansible_navigator.main' brlapi==0.8.2 /usr/lib64/python3.9/site-packages
2023-03-25T10:59:38.769356+00:00 DEBUG 'ansible_navigator.main' certifi==2020.6.20 /usr/lib/python3.9/site-packages
2023-03-25T10:59:38.769376+00:00 DEBUG 'ansible_navigator.main' cffi==1.15.0 /usr/lib64/python3.9/site-packages
2023-03-25T10:59:38.769395+00:00 DEBUG 'ansible_navigator.main' chardet==4.0.0 /usr/lib/python3.9/site-packages
2023-03-25T10:59:38.769424+00:00 DEBUG 'ansible_navigator.main' charset-normalizer==2.0.11 /usr/lib/python3.9/site-packages
2023-03-25T10:59:38.769447+00:00 DEBUG 'ansible_navigator.main' chrome-gnome-shell==0.0.0 /usr/lib/python3.9/site-packages
2023-03-25T10:59:38.769466+00:00 DEBUG 'ansible_navigator.main' cloud-init==21.1 /usr/lib/python3.9/site-packages
2023-03-25T10:59:38.769485+00:00 DEBUG 'ansible_navigator.main' configobj==5.0.6 /usr/lib/python3.9/site-packages
2023-03-25T10:59:38.769504+00:00 DEBUG 'ansible_navigator.main' cryptography==36.0.1 /usr/lib64/python3.9/site-packages
2023-03-25T10:59:38.769523+00:00 DEBUG 'ansible_navigator.main' cupshelpers==1.0 /usr/lib/python3.9/site-packages
2023-03-25T10:59:38.769542+00:00 DEBUG 'ansible_navigator.main' dasbus==1.4 /usr/lib/python3.9/site-packages
2023-03-25T10:59:38.769561+00:00 DEBUG 'ansible_navigator.main' dbus-python==1.2.18 /usr/lib64/python3.9/site-packages
2023-03-25T10:59:38.769581+00:00 DEBUG 'ansible_navigator.main' decorator==4.4.2 /usr/lib/python3.9/site-packages
2023-03-25T10:59:38.769599+00:00 DEBUG 'ansible_navigator.main' distlib==0.3.4 /usr/local/lib/python3.9/site-packages
2023-03-25T10:59:38.769619+00:00 DEBUG 'ansible_navigator.main' distro==1.6.0 /usr/lib/python3.9/site-packages
2023-03-25T10:59:38.769637+00:00 DEBUG 'ansible_navigator.main' docutils==0.16 /usr/lib/python3.9/site-packages
2023-03-25T10:59:38.769668+00:00 DEBUG 'ansible_navigator.main' ethtool==0.15 /usr/lib64/python3.9/site-packages
2023-03-25T10:59:38.769686+00:00 DEBUG 'ansible_navigator.main' file-magic==0.4.0 /usr/lib/python3.9/site-packages
2023-03-25T10:59:38.769704+00:00 DEBUG 'ansible_navigator.main' filelock==3.7.0 /usr/local/lib/python3.9/site-packages
2023-03-25T10:59:38.769722+00:00 DEBUG 'ansible_navigator.main' gpg==1.15.1 /usr/lib64/python3.9/site-packages
2023-03-25T10:59:38.769740+00:00 DEBUG 'ansible_navigator.main' idna==3.3 /usr/lib/python3.9/site-packages
2023-03-25T10:59:38.769758+00:00 DEBUG 'ansible_navigator.main' iniparse==0.4 /usr/lib/python3.9/site-packages
2023-03-25T10:59:38.769776+00:00 DEBUG 'ansible_navigator.main' jinja2==3.0.3 /usr/lib/python3.9/site-packages
2023-03-25T10:59:38.769794+00:00 DEBUG 'ansible_navigator.main' jsonpatch==1.21 /usr/lib/python3.9/site-packages
2023-03-25T10:59:38.769818+00:00 DEBUG 'ansible_navigator.main' jsonpointer==2.0 /usr/lib/python3.9/site-packages
2023-03-25T10:59:38.769836+00:00 DEBUG 'ansible_navigator.main' jsonschema==3.2.0 /usr/lib/python3.9/site-packages
2023-03-25T10:59:38.769854+00:00 DEBUG 'ansible_navigator.main' libcomps==0.1.18 /usr/lib64/python3.9/site-packages
2023-03-25T10:59:38.769877+00:00 DEBUG 'ansible_navigator.main' lockfile==0.12.2 /usr/lib/python3.9/site-packages
2023-03-25T10:59:38.769895+00:00 DEBUG 'ansible_navigator.main' lxml==4.6.5 /usr/lib64/python3.9/site-packages
2023-03-25T10:59:38.769913+00:00 DEBUG 'ansible_navigator.main' markupsafe==2.1.0 /usr/lib64/python3.9/site-packages
2023-03-25T10:59:38.769931+00:00 DEBUG 'ansible_navigator.main' netifaces==0.10.6 /usr/lib64/python3.9/site-packages
2023-03-25T10:59:38.769949+00:00 DEBUG 'ansible_navigator.main' nftables==0.1 /usr/lib/python3.9/site-packages
2023-03-25T10:59:38.769967+00:00 DEBUG 'ansible_navigator.main' oauthlib==3.1.1 /usr/lib/python3.9/site-packages
2023-03-25T10:59:38.769985+00:00 DEBUG 'ansible_navigator.main' onigurumacffi==1.1.0 /usr/lib64/python3.9/site-packages
2023-03-25T10:59:38.770002+00:00 DEBUG 'ansible_navigator.main' packaging==21.2 /usr/lib/python3.9/site-packages
2023-03-25T10:59:38.770020+00:00 DEBUG 'ansible_navigator.main' parsley==1.3 /usr/lib/python3.9/site-packages
2023-03-25T10:59:38.770038+00:00 DEBUG 'ansible_navigator.main' pbr==5.8.1 /usr/lib/python3.9/site-packages
2023-03-25T10:59:38.770056+00:00 DEBUG 'ansible_navigator.main' perf==0.1 /usr/lib64/python3.9/site-packages
2023-03-25T10:59:38.770074+00:00 DEBUG 'ansible_navigator.main' pexpect==4.8.0 /usr/lib/python3.9/site-packages
2023-03-25T10:59:38.770092+00:00 DEBUG 'ansible_navigator.main' pip==21.2.3 /usr/lib/python3.9/site-packages
2023-03-25T10:59:38.770109+00:00 DEBUG 'ansible_navigator.main' platformdirs==2.5.2 /usr/local/lib/python3.9/site-packages
2023-03-25T10:59:38.770138+00:00 DEBUG 'ansible_navigator.main' ply==3.11 /usr/lib/python3.9/site-packages
2023-03-25T10:59:38.770155+00:00 DEBUG 'ansible_navigator.main' prettytable==0.7.2 /usr/lib/python3.9/site-packages
2023-03-25T10:59:38.770189+00:00 DEBUG 'ansible_navigator.main' psutil==5.8.0 /usr/lib64/python3.9/site-packages
2023-03-25T10:59:38.770207+00:00 DEBUG 'ansible_navigator.main' ptyprocess==0.6.0 /usr/lib/python3.9/site-packages
2023-03-25T10:59:38.770225+00:00 DEBUG 'ansible_navigator.main' pycairo==1.20.0 /usr/lib64/python3.9/site-packages
2023-03-25T10:59:38.770242+00:00 DEBUG 'ansible_navigator.main' pycparser==2.21 /usr/lib/python3.9/site-packages
2023-03-25T10:59:38.770260+00:00 DEBUG 'ansible_navigator.main' pycups==2.0.1 /usr/lib64/python3.9/site-packages
2023-03-25T10:59:38.770278+00:00 DEBUG 'ansible_navigator.main' pycurl==7.43.0.6 /usr/lib64/python3.9/site-packages
2023-03-25T10:59:38.770296+00:00 DEBUG 'ansible_navigator.main' pyenchant==3.2.0 /usr/lib/python3.9/site-packages
2023-03-25T10:59:38.770313+00:00 DEBUG 'ansible_navigator.main' pygobject==3.40.1 /usr/lib64/python3.9/site-packages
2023-03-25T10:59:38.770331+00:00 DEBUG 'ansible_navigator.main' pyinotify==0.9.6 /usr/lib/python3.9/site-packages
2023-03-25T10:59:38.770349+00:00 DEBUG 'ansible_navigator.main' pyopenssl==19.1.0 /usr/lib/python3.9/site-packages
2023-03-25T10:59:38.770366+00:00 DEBUG 'ansible_navigator.main' pyparsing==2.4.7 /usr/lib/python3.9/site-packages
2023-03-25T10:59:38.770384+00:00 DEBUG 'ansible_navigator.main' pyrsistent==0.17.3 /usr/lib64/python3.9/site-packages
2023-03-25T10:59:38.770402+00:00 DEBUG 'ansible_navigator.main' pyserial==3.4 /usr/lib/python3.9/site-packages
2023-03-25T10:59:38.770419+00:00 DEBUG 'ansible_navigator.main' pysocks==1.7.1 /usr/lib/python3.9/site-packages
2023-03-25T10:59:38.770437+00:00 DEBUG 'ansible_navigator.main' python-daemon==2.3.0 /usr/lib/python3.9/site-packages
2023-03-25T10:59:38.770463+00:00 DEBUG 'ansible_navigator.main' python-dateutil==2.8.1 /usr/lib/python3.9/site-packages
2023-03-25T10:59:38.770481+00:00 DEBUG 'ansible_navigator.main' python-dmidecode==3.12.2 /usr/lib64/python3.9/site-packages
2023-03-25T10:59:38.770499+00:00 DEBUG 'ansible_navigator.main' python-linux-procfs==0.7.0 /usr/lib/python3.9/site-packages
2023-03-25T10:59:38.770516+00:00 DEBUG 'ansible_navigator.main' pytz==2021.3 /usr/lib/python3.9/site-packages
2023-03-25T10:59:38.770534+00:00 DEBUG 'ansible_navigator.main' pyudev==0.22.0 /usr/lib/python3.9/site-packages
2023-03-25T10:59:38.770555+00:00 DEBUG 'ansible_navigator.main' pyxdg==0.27 /usr/lib/python3.9/site-packages
2023-03-25T10:59:38.770573+00:00 DEBUG 'ansible_navigator.main' pyyaml==5.4.1 /usr/lib64/python3.9/site-packages
2023-03-25T10:59:38.770591+00:00 DEBUG 'ansible_navigator.main' requests==2.27.1 /usr/lib/python3.9/site-packages
2023-03-25T10:59:38.770609+00:00 DEBUG 'ansible_navigator.main' requirements-parser==0.2.0 /usr/lib/python3.9/site-packages
2023-03-25T10:59:38.770627+00:00 DEBUG 'ansible_navigator.main' resolvelib==0.5.4 /usr/lib/python3.9/site-packages
2023-03-25T10:59:38.770644+00:00 DEBUG 'ansible_navigator.main' rpm==4.16.1.3 /usr/lib64/python3.9/site-packages
2023-03-25T10:59:38.770662+00:00 DEBUG 'ansible_navigator.main' selinux==3.3 /usr/lib64/python3.9/site-packages
2023-03-25T10:59:38.770680+00:00 DEBUG 'ansible_navigator.main' sepolicy==3.3 /usr/lib/python3.9/site-packages
2023-03-25T10:59:38.770698+00:00 DEBUG 'ansible_navigator.main' setools==4.4.0 /usr/lib64/python3.9/site-packages
2023-03-25T10:59:38.770716+00:00 DEBUG 'ansible_navigator.main' setroubleshoot==1.1 /usr/lib/python3.9/site-packages
2023-03-25T10:59:38.770733+00:00 DEBUG 'ansible_navigator.main' setuptools==53.0.0 /usr/lib/python3.9/site-packages
2023-03-25T10:59:38.770751+00:00 DEBUG 'ansible_navigator.main' six==1.16.0 /usr/lib/python3.9/site-packages
2023-03-25T10:59:38.770769+00:00 DEBUG 'ansible_navigator.main' sos==4.2 /usr/lib/python3.9/site-packages
2023-03-25T10:59:38.770786+00:00 DEBUG 'ansible_navigator.main' subscription-manager==1.29.26 /usr/lib64/python3.9/site-packages
2023-03-25T10:59:38.770810+00:00 DEBUG 'ansible_navigator.main' systemd-python==234 /usr/lib64/python3.9/site-packages
2023-03-25T10:59:38.770828+00:00 DEBUG 'ansible_navigator.main' urllib3==1.26.8 /usr/lib/python3.9/site-packages
2023-03-25T10:59:38.770846+00:00 DEBUG 'ansible_navigator.main' virtualenv==20.14.1 /usr/local/lib/python3.9/site-packages
2023-03-25T10:59:38.770864+00:00 DEBUG 'ansible_navigator.main' Share directory '/usr/lib/python3.9/share/ansible_navigator' not found (development path)
2023-03-25T10:59:38.770883+00:00 DEBUG 'ansible_navigator.main' Share directory '/home/student/.local/share/ansible_navigator' not found (userbase)
2023-03-25T10:59:38.770901+00:00 DEBUG 'ansible_navigator.main' Share directory '/usr/share/ansible_navigator' found (sys.prefix)
2023-03-25T10:59:38.770919+00:00 DEBUG 'ansible_navigator.main' Default collection_doc_cache_path set to: /home/student/.cache/ansible-navigator/collection_doc_cache.db
2023-03-25T10:59:38.770938+00:00 DEBUG 'ansible_navigator.main' EDITOR environment variable not set
2023-03-25T10:59:38.770956+00:00 DEBUG 'ansible_navigator.main' Default editor_command set to: vi +{line_number} {filename}
2023-03-25T10:59:38.770973+00:00 DEBUG 'ansible_navigator.main' No config file set by ANSIBLE_NAVIGATOR_CONFIG
2023-03-25T10:59:38.770991+00:00 DEBUG 'ansible_navigator.main' Looking in /home/student
2023-03-25T10:59:38.771009+00:00 DEBUG 'ansible_navigator.main' Looking for '/home/student/.ansible-navigator.yml', '/home/student/.ansible-navigator.yaml' and '/home/student/.ansible-navigator.json'
2023-03-25T10:59:38.771028+00:00 DEBUG 'ansible_navigator.main' Found 1: '/home/student/.ansible-navigator.yml'
2023-03-25T10:59:38.771045+00:00 DEBUG 'ansible_navigator.main' Looking in /home/student/AnsibleProject
2023-03-25T10:59:38.771063+00:00 DEBUG 'ansible_navigator.main' Looking for '/home/student/AnsibleProject/ansible-navigator.yml', '/home/student/AnsibleProject/ansible-navigator.yaml' and '/home/student/AnsibleProject/ansible-navigator.json'
2023-03-25T10:59:38.771081+00:00 DEBUG 'ansible_navigator.main' Found 0: 
2023-03-25T10:59:38.771099+00:00 DEBUG 'ansible_navigator.main' All found 1: '/home/student/.ansible-navigator.yml'
2023-03-25T10:59:38.771117+00:00 DEBUG 'ansible_navigator.main' Using: /home/student/.ansible-navigator.yml
2023-03-25T10:59:38.771135+00:00 DEBUG 'ansible_navigator.main' Using settings file at /home/student/.ansible-navigator.yml in search path
2023-03-25T10:59:38.771160+00:00 DEBUG 'ansible_navigator.main' Command provided: '-m stdout playbook.yml --syntax-check'
2023-03-25T10:59:38.771179+00:00 DEBUG 'ansible_navigator.main' ansible-navigator.ansible-runner.artifact-dir not found in settings file
2023-03-25T10:59:38.771198+00:00 DEBUG 'ansible_navigator.main' ansible-navigator.ansible-runner.rotate-artifacts-count not found in settings file
2023-03-25T10:59:38.771216+00:00 DEBUG 'ansible_navigator.main' ansible-navigator.ansible-runner.timeout not found in settings file
2023-03-25T10:59:38.771234+00:00 DEBUG 'ansible_navigator.main' ansible-navigator.app not found in settings file
2023-03-25T10:59:38.771252+00:00 DEBUG 'ansible_navigator.main' ansible-navigator.ansible.cmdline not found in settings file
2023-03-25T10:59:38.771271+00:00 DEBUG 'ansible_navigator.main' ansible-navigator.collection-doc-cache-path not found in settings file
2023-03-25T10:59:38.771289+00:00 DEBUG 'ansible_navigator.main' ansible-navigator.ansible.config.path not found in settings file
2023-03-25T10:59:38.771307+00:00 DEBUG 'ansible_navigator.main' ansible-navigator.execution-environment.container-engine not found in settings file
2023-03-25T10:59:38.771325+00:00 DEBUG 'ansible_navigator.main' ansible-navigator.execution-environment.container-options not found in settings file
2023-03-25T10:59:38.771343+00:00 DEBUG 'ansible_navigator.main' ansible-navigator.color.enable not found in settings file
2023-03-25T10:59:38.771360+00:00 DEBUG 'ansible_navigator.main' ansible-navigator.editor.command not found in settings file
2023-03-25T10:59:38.771379+00:00 DEBUG 'ansible_navigator.main' ansible-navigator.editor.console not found in settings file
2023-03-25T10:59:38.771397+00:00 DEBUG 'ansible_navigator.main' ansible-navigator.exec.command not found in settings file
2023-03-25T10:59:38.771421+00:00 DEBUG 'ansible_navigator.main' ansible-navigator.exec.shell not found in settings file
2023-03-25T10:59:38.771441+00:00 DEBUG 'ansible_navigator.main' ansible-navigator.execution-environment.enabled not found in settings file
2023-03-25T10:59:38.771459+00:00 DEBUG 'ansible_navigator.main' ansible-navigator.execution-environment.volume-mounts not found in settings file
2023-03-25T10:59:38.771477+00:00 DEBUG 'ansible_navigator.main' ansible-navigator.ansible-builder.help not found in settings file
2023-03-25T10:59:38.771496+00:00 DEBUG 'ansible_navigator.main' ansible-navigator.ansible.config.help not found in settings file
2023-03-25T10:59:38.771514+00:00 DEBUG 'ansible_navigator.main' ansible-navigator.ansible.doc.help not found in settings file
2023-03-25T10:59:38.771532+00:00 DEBUG 'ansible_navigator.main' ansible-navigator.ansible.inventory.help not found in settings file
2023-03-25T10:59:38.771550+00:00 DEBUG 'ansible_navigator.main' ansible-navigator.ansible.playbook.help not found in settings file
2023-03-25T10:59:38.771568+00:00 DEBUG 'ansible_navigator.main' ansible-navigator.images.details not found in settings file
2023-03-25T10:59:38.771586+00:00 DEBUG 'ansible_navigator.main' ansible-navigator.ansible.inventory.entries not found in settings file
2023-03-25T10:59:38.771604+00:00 DEBUG 'ansible_navigator.main' ansible-navigator.inventory-columns not found in settings file
2023-03-25T10:59:38.771622+00:00 DEBUG 'ansible_navigator.main' ansible-navigator.ansible-lint.config not found in settings file
2023-03-25T10:59:38.771640+00:00 DEBUG 'ansible_navigator.main' ansible-navigator.ansible-lint.lintables not found in settings file
2023-03-25T10:59:38.771658+00:00 DEBUG 'ansible_navigator.main' ansible-navigator.logging.append not found in settings file
2023-03-25T10:59:38.771676+00:00 DEBUG 'ansible_navigator.main' ansible-navigator.logging.file not found in settings file
2023-03-25T10:59:38.771694+00:00 DEBUG 'ansible_navigator.main' ansible-navigator.logging.level not found in settings file
2023-03-25T10:59:38.771712+00:00 DEBUG 'ansible_navigator.main' ansible-navigator.mode not found in settings file
2023-03-25T10:59:38.771730+00:00 DEBUG 'ansible_navigator.main' ansible-navigator.color.osc4 not found in settings file
2023-03-25T10:59:38.771753+00:00 DEBUG 'ansible_navigator.main' ansible-navigator.execution-environment.environment-variables.pass not found in settings file
2023-03-25T10:59:38.771772+00:00 DEBUG 'ansible_navigator.main' ansible-navigator.ansible.playbook.path not found in settings file
2023-03-25T10:59:38.771790+00:00 DEBUG 'ansible_navigator.main' ansible-navigator.playbook-artifact.enable not found in settings file
2023-03-25T10:59:38.771814+00:00 DEBUG 'ansible_navigator.main' ansible-navigator.playbook-artifact.replay not found in settings file
2023-03-25T10:59:38.771833+00:00 DEBUG 'ansible_navigator.main' ansible-navigator.playbook-artifact.save-as not found in settings file
2023-03-25T10:59:38.771851+00:00 DEBUG 'ansible_navigator.main' ansible-navigator.ansible.doc.plugin.name not found in settings file
2023-03-25T10:59:38.771869+00:00 DEBUG 'ansible_navigator.main' ansible-navigator.ansible.doc.plugin.type not found in settings file
2023-03-25T10:59:38.771887+00:00 DEBUG 'ansible_navigator.main' ansible-navigator.execution-environment.pull.arguments not found in settings file
2023-03-25T10:59:38.771905+00:00 DEBUG 'ansible_navigator.main' ansible-navigator.execution-environment.environment-variables.set not found in settings file
2023-03-25T10:59:38.771923+00:00 DEBUG 'ansible_navigator.main' ansible-navigator.settings.effective not found in settings file
2023-03-25T10:59:38.771941+00:00 DEBUG 'ansible_navigator.main' ansible-navigator.settings.sample not found in settings file
2023-03-25T10:59:38.771959+00:00 DEBUG 'ansible_navigator.main' ansible-navigator.settings.schema not found in settings file
2023-03-25T10:59:38.771977+00:00 DEBUG 'ansible_navigator.main' ansible-navigator.settings.sources not found in settings file
2023-03-25T10:59:38.771995+00:00 DEBUG 'ansible_navigator.main' ansible-navigator.time-zone not found in settings file
2023-03-25T10:59:38.772013+00:00 DEBUG 'ansible_navigator.main' ansible-navigator.ansible-builder.workdir not found in settings file
2023-03-25T10:59:38.772033+00:00 WARNING 'ansible_navigator.main' Configuration errors encountered, rolling back to previous configuration.
2023-03-25T10:59:38.772052+00:00 DEBUG 'ansible_navigator.main' Prior to rollback: ansible_runner_artifact_dir = 'Not set' (Constants/Not set)
2023-03-25T10:59:38.772069+00:00 DEBUG 'ansible_navigator.main' Prior to rollback: ansible_runner_rotate_artifacts_count = 'Not set' (Constants/Not set)
2023-03-25T10:59:38.772087+00:00 DEBUG 'ansible_navigator.main' Prior to rollback: ansible_runner_timeout = 'Not set' (Constants/Not set)
2023-03-25T10:59:38.772105+00:00 DEBUG 'ansible_navigator.main' Prior to rollback: app = 'welcome' (str/Defaults)
2023-03-25T10:59:38.772123+00:00 DEBUG 'ansible_navigator.main' Prior to rollback: cmdline = '['-m', 'stdout', 'playbook.yml', '--syntax-check']' (list/Command line)
2023-03-25T10:59:38.772141+00:00 DEBUG 'ansible_navigator.main' Prior to rollback: collection_doc_cache_path = '/home/student/.cache/ansible-navigator/collection_doc_cache.db' (str/Defaults)
2023-03-25T10:59:38.772159+00:00 DEBUG 'ansible_navigator.main' Prior to rollback: config = 'Not set' (Constants/Not set)
2023-03-25T10:59:38.772177+00:00 DEBUG 'ansible_navigator.main' Prior to rollback: container_engine = 'auto' (str/Defaults)
2023-03-25T10:59:38.772195+00:00 DEBUG 'ansible_navigator.main' Prior to rollback: container_options = 'Not set' (Constants/Not set)
2023-03-25T10:59:38.772213+00:00 DEBUG 'ansible_navigator.main' Prior to rollback: display_color = 'True' (bool/Defaults)
2023-03-25T10:59:38.772231+00:00 DEBUG 'ansible_navigator.main' Prior to rollback: editor_command = 'vi +{line_number} {filename}' (str/Defaults)
2023-03-25T10:59:38.772249+00:00 DEBUG 'ansible_navigator.main' Prior to rollback: editor_console = 'True' (bool/Defaults)
2023-03-25T10:59:38.772266+00:00 DEBUG 'ansible_navigator.main' Prior to rollback: exec_command = '/bin/bash' (str/Defaults)
2023-03-25T10:59:38.772285+00:00 DEBUG 'ansible_navigator.main' Prior to rollback: exec_shell = 'True' (bool/Defaults)
2023-03-25T10:59:38.772309+00:00 DEBUG 'ansible_navigator.main' Prior to rollback: execution_environment = 'True' (bool/Defaults)
2023-03-25T10:59:38.772328+00:00 DEBUG 'ansible_navigator.main' Prior to rollback: execution_environment_image = 'utility.lab.example.com/ee-supported-rhel8:latest' (str/Settings file)
2023-03-25T10:59:38.772346+00:00 DEBUG 'ansible_navigator.main' Prior to rollback: execution_environment_volume_mounts = 'Not set' (Constants/Not set)
2023-03-25T10:59:38.772364+00:00 DEBUG 'ansible_navigator.main' Prior to rollback: help_builder = 'False' (bool/Defaults)
2023-03-25T10:59:38.772382+00:00 DEBUG 'ansible_navigator.main' Prior to rollback: help_config = 'False' (bool/Defaults)
2023-03-25T10:59:38.772399+00:00 DEBUG 'ansible_navigator.main' Prior to rollback: help_doc = 'False' (bool/Defaults)
2023-03-25T10:59:38.772432+00:00 DEBUG 'ansible_navigator.main' Prior to rollback: help_inventory = 'False' (bool/Defaults)
2023-03-25T10:59:38.772451+00:00 DEBUG 'ansible_navigator.main' Prior to rollback: help_playbook = 'False' (bool/Defaults)
2023-03-25T10:59:38.772469+00:00 DEBUG 'ansible_navigator.main' Prior to rollback: images_details = '['everything']' (list/Defaults)
2023-03-25T10:59:38.772487+00:00 DEBUG 'ansible_navigator.main' Prior to rollback: inventory = 'Not set' (Constants/Not set)
2023-03-25T10:59:38.772505+00:00 DEBUG 'ansible_navigator.main' Prior to rollback: inventory_column = 'Not set' (Constants/Not set)
2023-03-25T10:59:38.772523+00:00 DEBUG 'ansible_navigator.main' Prior to rollback: lint_config = 'Not set' (Constants/Not set)
2023-03-25T10:59:38.772542+00:00 DEBUG 'ansible_navigator.main' Prior to rollback: lintables = 'Not set' (Constants/Not set)
2023-03-25T10:59:38.772559+00:00 DEBUG 'ansible_navigator.main' Prior to rollback: log_append = 'True' (bool/Defaults)
2023-03-25T10:59:38.772577+00:00 DEBUG 'ansible_navigator.main' Prior to rollback: log_file = '/home/student/AnsibleProject/ansible-navigator.log' (str/Defaults)
2023-03-25T10:59:38.772595+00:00 DEBUG 'ansible_navigator.main' Prior to rollback: log_level = 'warning' (str/Defaults)
2023-03-25T10:59:38.772613+00:00 DEBUG 'ansible_navigator.main' Prior to rollback: mode = 'stdout' (str/Command line)
2023-03-25T10:59:38.772630+00:00 DEBUG 'ansible_navigator.main' Prior to rollback: osc4 = 'True' (bool/Defaults)
2023-03-25T10:59:38.772648+00:00 DEBUG 'ansible_navigator.main' Prior to rollback: pass_environment_variable = 'Not set' (Constants/Not set)
2023-03-25T10:59:38.772666+00:00 DEBUG 'ansible_navigator.main' Prior to rollback: playbook = 'Not set' (Constants/Not set)
2023-03-25T10:59:38.772684+00:00 DEBUG 'ansible_navigator.main' Prior to rollback: playbook_artifact_enable = 'True' (bool/Defaults)
2023-03-25T10:59:38.772702+00:00 DEBUG 'ansible_navigator.main' Prior to rollback: playbook_artifact_replay = 'Not set' (Constants/Not set)
2023-03-25T10:59:38.772720+00:00 DEBUG 'ansible_navigator.main' Prior to rollback: playbook_artifact_save_as = '{playbook_dir}/{playbook_name}-artifact-{time_stamp}.json' (str/Defaults)
2023-03-25T10:59:38.772738+00:00 DEBUG 'ansible_navigator.main' Prior to rollback: plugin_name = 'Not set' (Constants/Not set)
2023-03-25T10:59:38.772755+00:00 DEBUG 'ansible_navigator.main' Prior to rollback: plugin_type = 'module' (str/Defaults)
2023-03-25T10:59:38.772773+00:00 DEBUG 'ansible_navigator.main' Prior to rollback: pull_arguments = 'Not set' (Constants/Not set)
2023-03-25T10:59:38.772791+00:00 DEBUG 'ansible_navigator.main' Prior to rollback: pull_policy = 'missing' (str/Settings file)
2023-03-25T10:59:38.772817+00:00 DEBUG 'ansible_navigator.main' Prior to rollback: set_environment_variable = 'Not set' (Constants/Not set)
2023-03-25T10:59:38.772836+00:00 DEBUG 'ansible_navigator.main' Prior to rollback: settings_effective = 'False' (bool/Defaults)
2023-03-25T10:59:38.772854+00:00 DEBUG 'ansible_navigator.main' Prior to rollback: settings_sample = 'False' (bool/Defaults)
2023-03-25T10:59:38.772871+00:00 DEBUG 'ansible_navigator.main' Prior to rollback: settings_schema = 'json' (str/Defaults)
2023-03-25T10:59:38.772895+00:00 DEBUG 'ansible_navigator.main' Prior to rollback: settings_sources = 'False' (bool/Defaults)
2023-03-25T10:59:38.772913+00:00 DEBUG 'ansible_navigator.main' Prior to rollback: time_zone = 'UTC' (str/Defaults)
2023-03-25T10:59:38.772931+00:00 DEBUG 'ansible_navigator.main' Prior to rollback: workdir = '/home/student/AnsibleProject' (str/Defaults)
2023-03-25T10:59:38.772949+00:00 DEBUG 'ansible_navigator.main' After rollback: ansible_runner_artifact_dir = 'Not set' (Constants/Not set)
2023-03-25T10:59:38.772967+00:00 DEBUG 'ansible_navigator.main' After rollback: ansible_runner_rotate_artifacts_count = 'Not set' (Constants/Not set)
2023-03-25T10:59:38.772984+00:00 DEBUG 'ansible_navigator.main' After rollback: ansible_runner_timeout = 'Not set' (Constants/Not set)
2023-03-25T10:59:38.773002+00:00 DEBUG 'ansible_navigator.main' After rollback: app = 'Not set' (Constants/Not set)
2023-03-25T10:59:38.773020+00:00 DEBUG 'ansible_navigator.main' After rollback: cmdline = 'Not set' (Constants/Not set)
2023-03-25T10:59:38.773038+00:00 DEBUG 'ansible_navigator.main' After rollback: collection_doc_cache_path = 'Not set' (Constants/Not set)
2023-03-25T10:59:38.773056+00:00 DEBUG 'ansible_navigator.main' After rollback: config = 'Not set' (Constants/Not set)
2023-03-25T10:59:38.773073+00:00 DEBUG 'ansible_navigator.main' After rollback: container_engine = 'Not set' (Constants/Not set)
2023-03-25T10:59:38.773091+00:00 DEBUG 'ansible_navigator.main' After rollback: container_options = 'Not set' (Constants/Not set)
2023-03-25T10:59:38.773109+00:00 DEBUG 'ansible_navigator.main' After rollback: display_color = 'Not set' (Constants/Not set)
2023-03-25T10:59:38.773126+00:00 DEBUG 'ansible_navigator.main' After rollback: editor_command = 'Not set' (Constants/Not set)
2023-03-25T10:59:38.773144+00:00 DEBUG 'ansible_navigator.main' After rollback: editor_console = 'Not set' (Constants/Not set)
2023-03-25T10:59:38.773162+00:00 DEBUG 'ansible_navigator.main' After rollback: exec_command = 'Not set' (Constants/Not set)
2023-03-25T10:59:38.773180+00:00 DEBUG 'ansible_navigator.main' After rollback: exec_shell = 'Not set' (Constants/Not set)
2023-03-25T10:59:38.773198+00:00 DEBUG 'ansible_navigator.main' After rollback: execution_environment = 'Not set' (Constants/Not set)
2023-03-25T10:59:38.773215+00:00 DEBUG 'ansible_navigator.main' After rollback: execution_environment_image = 'Not set' (Constants/Not set)
2023-03-25T10:59:38.773233+00:00 DEBUG 'ansible_navigator.main' After rollback: execution_environment_volume_mounts = 'Not set' (Constants/Not set)
2023-03-25T10:59:38.773251+00:00 DEBUG 'ansible_navigator.main' After rollback: help_builder = 'Not set' (Constants/Not set)
2023-03-25T10:59:38.773268+00:00 DEBUG 'ansible_navigator.main' After rollback: help_config = 'Not set' (Constants/Not set)
2023-03-25T10:59:38.773286+00:00 DEBUG 'ansible_navigator.main' After rollback: help_doc = 'Not set' (Constants/Not set)
2023-03-25T10:59:38.773304+00:00 DEBUG 'ansible_navigator.main' After rollback: help_inventory = 'Not set' (Constants/Not set)
2023-03-25T10:59:38.773321+00:00 DEBUG 'ansible_navigator.main' After rollback: help_playbook = 'Not set' (Constants/Not set)
2023-03-25T10:59:38.773339+00:00 DEBUG 'ansible_navigator.main' After rollback: images_details = 'Not set' (Constants/Not set)
2023-03-25T10:59:38.773356+00:00 DEBUG 'ansible_navigator.main' After rollback: inventory = 'Not set' (Constants/Not set)
2023-03-25T10:59:38.773374+00:00 DEBUG 'ansible_navigator.main' After rollback: inventory_column = 'Not set' (Constants/Not set)
2023-03-25T10:59:38.773392+00:00 DEBUG 'ansible_navigator.main' After rollback: lint_config = 'Not set' (Constants/Not set)
2023-03-25T10:59:38.773410+00:00 DEBUG 'ansible_navigator.main' After rollback: lintables = 'Not set' (Constants/Not set)
2023-03-25T10:59:38.773438+00:00 DEBUG 'ansible_navigator.main' After rollback: log_append = 'Not set' (Constants/Not set)
2023-03-25T10:59:38.773456+00:00 DEBUG 'ansible_navigator.main' After rollback: log_file = 'Not set' (Constants/Not set)
2023-03-25T10:59:38.773478+00:00 DEBUG 'ansible_navigator.main' After rollback: log_level = 'Not set' (Constants/Not set)
2023-03-25T10:59:38.773496+00:00 DEBUG 'ansible_navigator.main' After rollback: mode = 'Not set' (Constants/Not set)
2023-03-25T10:59:38.773514+00:00 DEBUG 'ansible_navigator.main' After rollback: osc4 = 'Not set' (Constants/Not set)
2023-03-25T10:59:38.773531+00:00 DEBUG 'ansible_navigator.main' After rollback: pass_environment_variable = 'Not set' (Constants/Not set)
2023-03-25T10:59:38.773549+00:00 DEBUG 'ansible_navigator.main' After rollback: playbook = 'Not set' (Constants/Not set)
2023-03-25T10:59:38.773567+00:00 DEBUG 'ansible_navigator.main' After rollback: playbook_artifact_enable = 'Not set' (Constants/Not set)
2023-03-25T10:59:38.773585+00:00 DEBUG 'ansible_navigator.main' After rollback: playbook_artifact_replay = 'Not set' (Constants/Not set)
2023-03-25T10:59:38.773602+00:00 DEBUG 'ansible_navigator.main' After rollback: playbook_artifact_save_as = 'Not set' (Constants/Not set)
2023-03-25T10:59:38.773620+00:00 DEBUG 'ansible_navigator.main' After rollback: plugin_name = 'Not set' (Constants/Not set)
2023-03-25T10:59:38.773638+00:00 DEBUG 'ansible_navigator.main' After rollback: plugin_type = 'Not set' (Constants/Not set)
2023-03-25T10:59:38.773656+00:00 DEBUG 'ansible_navigator.main' After rollback: pull_arguments = 'Not set' (Constants/Not set)
2023-03-25T10:59:38.773673+00:00 DEBUG 'ansible_navigator.main' After rollback: pull_policy = 'Not set' (Constants/Not set)
2023-03-25T10:59:38.773691+00:00 DEBUG 'ansible_navigator.main' After rollback: set_environment_variable = 'Not set' (Constants/Not set)
2023-03-25T10:59:38.773709+00:00 DEBUG 'ansible_navigator.main' After rollback: settings_effective = 'Not set' (Constants/Not set)
2023-03-25T10:59:38.773726+00:00 DEBUG 'ansible_navigator.main' After rollback: settings_sample = 'Not set' (Constants/Not set)
2023-03-25T10:59:38.773744+00:00 DEBUG 'ansible_navigator.main' After rollback: settings_schema = 'Not set' (Constants/Not set)
2023-03-25T10:59:38.773762+00:00 DEBUG 'ansible_navigator.main' After rollback: settings_sources = 'Not set' (Constants/Not set)
2023-03-25T10:59:38.773780+00:00 DEBUG 'ansible_navigator.main' After rollback: time_zone = 'Not set' (Constants/Not set)
2023-03-25T10:59:38.773798+00:00 DEBUG 'ansible_navigator.main' After rollback: workdir = 'Not set' (Constants/Not set)
2023-03-25T10:59:38.773822+00:00 DEBUG 'ansible_navigator.main' Configuration rollback complete.
2023-03-25T10:59:38.773840+00:00 DEBUG 'ansible_navigator.main' Collection doc cache not mounted
2023-03-25T10:59:38.773867+00:00 WARNING 'ansible_navigator.main' Issues were found while applying the settings.
2023-03-25T10:59:38.773887+00:00 INFO 'ansible_navigator.main' Command provided: '-m stdout playbook.yml --syntax-check'
2023-03-25T10:59:38.773910+00:00 ERROR 'ansible_navigator.main' argument {subcommand} --help: invalid choice: 'playbook.yml' (choose from 'builder', 'collections', 'config', 'doc', 'exec', 'images', 'inventory', 'lint', 'replay', 'run', 'settings', 'welcome')
2023-03-25T10:59:38.773931+00:00 INFO 'ansible_navigator.main' Configuration failed, using default log file location. (/home/student/AnsibleProject/ansible-navigator.log) Log level set to debug
2023-03-25T10:59:38.773952+00:00 INFO 'ansible_navigator.main' Review the hints and log file to see what went wrong.
2023-03-25T11:00:13.507384+00:00 CRITICAL 'ansible_navigator.actions.run_playbook._handle_message' Unhandled message from runner queue, discarded: {'event': 'verbose', 'uuid': '70454951-06c3-47d6-92c6-bec1609e4214', 'counter': 1, 'stdout': '\x1b[1;35m[WARNING]: provided hosts list is empty, only localhost is available. Note that\x1b[0m', 'start_line': 0, 'end_line': 1, 'runner_ident': 'aeb912c8-c268-46bf-b7e4-f6df298044ef', 'created': '2023-03-25T11:00:13.506762'}
2023-03-25T11:00:13.508088+00:00 CRITICAL 'ansible_navigator.actions.run_playbook._handle_message' Unhandled message from runner queue, discarded: {'event': 'verbose', 'uuid': 'dd6ccb9a-48ff-49b6-a8eb-6e456b6c4db1', 'counter': 2, 'stdout': "\x1b[1;35mthe implicit localhost does not match 'all'\x1b[0m", 'start_line': 1, 'end_line': 2, 'runner_ident': 'aeb912c8-c268-46bf-b7e4-f6df298044ef', 'created': '2023-03-25T11:00:13.507081'}
2023-03-25T11:00:13.896443+00:00 CRITICAL 'ansible_navigator.actions.run_playbook._handle_message' Unhandled message from runner queue, discarded: {'event': 'verbose', 'uuid': '745c96e8-0a0c-42ee-af49-1517594ee81a', 'counter': 3, 'stdout': "\x1b[0;31mERROR! the role 'samba_server' was not found in /home/student/AnsibleProject/roles:/home/runner/.ansible/roles:/usr/share/ansible/roles:/etc/ansible/roles:/home/student/AnsibleProject\x1b[0m", 'start_line': 2, 'end_line': 3, 'runner_ident': 'aeb912c8-c268-46bf-b7e4-f6df298044ef', 'created': '2023-03-25T11:00:13.889644'}
2023-03-25T11:00:13.896651+00:00 CRITICAL 'ansible_navigator.actions.run_playbook._handle_message' Unhandled message from runner queue, discarded: {'event': 'verbose', 'uuid': '5da54caf-3e4c-4745-b7d3-9be722192918', 'counter': 4, 'stdout': '\x1b[0;31m\x1b[0m', 'start_line': 3, 'end_line': 4, 'runner_ident': 'aeb912c8-c268-46bf-b7e4-f6df298044ef', 'created': '2023-03-25T11:00:13.889771'}
2023-03-25T11:00:13.896746+00:00 CRITICAL 'ansible_navigator.actions.run_playbook._handle_message' Unhandled message from runner queue, discarded: {'event': 'verbose', 'uuid': '29fa1f0c-4554-442b-ac72-4e1d8c2b10c7', 'counter': 5, 'stdout': "\x1b[0;31mThe error appears to be in '/home/student/AnsibleProject/playbook.yml': line 15, column 7, but may\x1b[0m", 'start_line': 4, 'end_line': 5, 'runner_ident': 'aeb912c8-c268-46bf-b7e4-f6df298044ef', 'created': '2023-03-25T11:00:13.889833'}
2023-03-25T11:00:13.896827+00:00 CRITICAL 'ansible_navigator.actions.run_playbook._handle_message' Unhandled message from runner queue, discarded: {'event': 'verbose', 'uuid': 'e0389f83-7adc-40ca-a588-9577c8d006c9', 'counter': 6, 'stdout': '\x1b[0;31mbe elsewhere in the file depending on the exact syntax problem.\x1b[0m', 'start_line': 5, 'end_line': 6, 'runner_ident': 'aeb912c8-c268-46bf-b7e4-f6df298044ef', 'created': '2023-03-25T11:00:13.889875'}
2023-03-25T11:00:13.896901+00:00 CRITICAL 'ansible_navigator.actions.run_playbook._handle_message' Unhandled message from runner queue, discarded: {'event': 'verbose', 'uuid': '150dace8-a883-42b3-b1f3-9f06ade34807', 'counter': 7, 'stdout': '\x1b[0;31m\x1b[0m', 'start_line': 6, 'end_line': 7, 'runner_ident': 'aeb912c8-c268-46bf-b7e4-f6df298044ef', 'created': '2023-03-25T11:00:13.889921'}
2023-03-25T11:00:13.896975+00:00 CRITICAL 'ansible_navigator.actions.run_playbook._handle_message' Unhandled message from runner queue, discarded: {'event': 'verbose', 'uuid': 'd433ac85-ef43-4863-956f-0d1ae07d03cc', 'counter': 8, 'stdout': '\x1b[0;31mThe offending line appears to be:\x1b[0m', 'start_line': 7, 'end_line': 8, 'runner_ident': 'aeb912c8-c268-46bf-b7e4-f6df298044ef', 'created': '2023-03-25T11:00:13.889960'}
2023-03-25T11:00:13.897052+00:00 CRITICAL 'ansible_navigator.actions.run_playbook._handle_message' Unhandled message from runner queue, discarded: {'event': 'verbose', 'uuid': 'ea0fa6e9-954f-44b7-87d8-ff9a2061e268', 'counter': 9, 'stdout': '\x1b[0;31m\x1b[0m', 'start_line': 8, 'end_line': 9, 'runner_ident': 'aeb912c8-c268-46bf-b7e4-f6df298044ef', 'created': '2023-03-25T11:00:13.889998'}
2023-03-25T11:00:13.897128+00:00 CRITICAL 'ansible_navigator.actions.run_playbook._handle_message' Unhandled message from runner queue, discarded: {'event': 'verbose', 'uuid': '20ad1bc3-f9b8-430c-9052-a6e3965ffce0', 'counter': 10, 'stdout': '\x1b[0;31m  roles:\x1b[0m', 'start_line': 9, 'end_line': 10, 'runner_ident': 'aeb912c8-c268-46bf-b7e4-f6df298044ef', 'created': '2023-03-25T11:00:13.890035'}
2023-03-25T11:00:13.897201+00:00 CRITICAL 'ansible_navigator.actions.run_playbook._handle_message' Unhandled message from runner queue, discarded: {'event': 'verbose', 'uuid': '10f19edd-82b6-40ac-8909-bf39c1c8a61e', 'counter': 11, 'stdout': '\x1b[0;31m    - samba_server\x1b[0m', 'start_line': 10, 'end_line': 11, 'runner_ident': 'aeb912c8-c268-46bf-b7e4-f6df298044ef', 'created': '2023-03-25T11:00:13.890071'}
2023-03-25T11:00:13.897283+00:00 CRITICAL 'ansible_navigator.actions.run_playbook._handle_message' Unhandled message from runner queue, discarded: {'event': 'verbose', 'uuid': '2ec4f433-b2f3-44ec-9466-fe6ad4d1ed2c', 'counter': 12, 'stdout': '\x1b[0;31m      ^ here\x1b[0m', 'start_line': 11, 'end_line': 12, 'runner_ident': 'aeb912c8-c268-46bf-b7e4-f6df298044ef', 'created': '2023-03-25T11:00:13.890116'}
2023-03-25T11:14:09.410288+00:00 CRITICAL 'ansible_navigator.actions.run_playbook._handle_message' Unhandled message from runner queue, discarded: {'event': 'verbose', 'uuid': '45282d6d-5711-477d-bb69-d0423a0a9397', 'counter': 1, 'stdout': "\x1b[0;31mERROR! the role 'samba_server' was not found in /home/student/AnsibleProject/roles:/home/runner/.ansible/roles:/usr/share/ansible/roles:/etc/ansible/roles:/home/student/AnsibleProject\x1b[0m", 'start_line': 0, 'end_line': 1, 'runner_ident': 'ebaf1670-c3ef-401b-8b5a-d9597fa3f62f', 'created': '2023-03-25T11:14:09.402915'}
2023-03-25T11:14:09.411596+00:00 CRITICAL 'ansible_navigator.actions.run_playbook._handle_message' Unhandled message from runner queue, discarded: {'event': 'verbose', 'uuid': 'f8e80f99-3e3e-4446-b32f-966af2382fad', 'counter': 2, 'stdout': '\x1b[0;31m\x1b[0m', 'start_line': 1, 'end_line': 2, 'runner_ident': 'ebaf1670-c3ef-401b-8b5a-d9597fa3f62f', 'created': '2023-03-25T11:14:09.403387'}
2023-03-25T11:14:09.411771+00:00 CRITICAL 'ansible_navigator.actions.run_playbook._handle_message' Unhandled message from runner queue, discarded: {'event': 'verbose', 'uuid': '2a63be2e-3d8a-4445-adf2-75c141429c8f', 'counter': 3, 'stdout': "\x1b[0;31mThe error appears to be in '/home/student/AnsibleProject/playbook.yml': line 15, column 7, but may\x1b[0m", 'start_line': 2, 'end_line': 3, 'runner_ident': 'ebaf1670-c3ef-401b-8b5a-d9597fa3f62f', 'created': '2023-03-25T11:14:09.403458'}
2023-03-25T11:14:09.411885+00:00 CRITICAL 'ansible_navigator.actions.run_playbook._handle_message' Unhandled message from runner queue, discarded: {'event': 'verbose', 'uuid': '58f43c3f-319d-466f-909f-9fb13c6be949', 'counter': 4, 'stdout': '\x1b[0;31mbe elsewhere in the file depending on the exact syntax problem.\x1b[0m', 'start_line': 3, 'end_line': 4, 'runner_ident': 'ebaf1670-c3ef-401b-8b5a-d9597fa3f62f', 'created': '2023-03-25T11:14:09.403506'}
2023-03-25T11:14:09.411982+00:00 CRITICAL 'ansible_navigator.actions.run_playbook._handle_message' Unhandled message from runner queue, discarded: {'event': 'verbose', 'uuid': '40c1e9f2-885a-408b-b235-7e0b661301b0', 'counter': 5, 'stdout': '\x1b[0;31m\x1b[0m', 'start_line': 4, 'end_line': 5, 'runner_ident': 'ebaf1670-c3ef-401b-8b5a-d9597fa3f62f', 'created': '2023-03-25T11:14:09.403551'}
2023-03-25T11:14:09.412114+00:00 CRITICAL 'ansible_navigator.actions.run_playbook._handle_message' Unhandled message from runner queue, discarded: {'event': 'verbose', 'uuid': '5376d651-b3ef-49c8-bcbd-f9f7af0992cb', 'counter': 6, 'stdout': '\x1b[0;31mThe offending line appears to be:\x1b[0m', 'start_line': 5, 'end_line': 6, 'runner_ident': 'ebaf1670-c3ef-401b-8b5a-d9597fa3f62f', 'created': '2023-03-25T11:14:09.403592'}
2023-03-25T11:14:09.412216+00:00 CRITICAL 'ansible_navigator.actions.run_playbook._handle_message' Unhandled message from runner queue, discarded: {'event': 'verbose', 'uuid': 'e1d1c315-0f58-44a0-b41c-d73f15d5d317', 'counter': 7, 'stdout': '\x1b[0;31m\x1b[0m', 'start_line': 6, 'end_line': 7, 'runner_ident': 'ebaf1670-c3ef-401b-8b5a-d9597fa3f62f', 'created': '2023-03-25T11:14:09.403630'}
2023-03-25T11:14:09.412305+00:00 CRITICAL 'ansible_navigator.actions.run_playbook._handle_message' Unhandled message from runner queue, discarded: {'event': 'verbose', 'uuid': '6d7d7d2c-c828-46e3-9b3b-a6ea439573eb', 'counter': 8, 'stdout': '\x1b[0;31m  roles:\x1b[0m', 'start_line': 7, 'end_line': 8, 'runner_ident': 'ebaf1670-c3ef-401b-8b5a-d9597fa3f62f', 'created': '2023-03-25T11:14:09.403668'}
2023-03-25T11:14:09.412393+00:00 CRITICAL 'ansible_navigator.actions.run_playbook._handle_message' Unhandled message from runner queue, discarded: {'event': 'verbose', 'uuid': '397f0190-f826-48ee-8d55-46c4db425ac7', 'counter': 9, 'stdout': '\x1b[0;31m    - samba_server\x1b[0m', 'start_line': 8, 'end_line': 9, 'runner_ident': 'ebaf1670-c3ef-401b-8b5a-d9597fa3f62f', 'created': '2023-03-25T11:14:09.403707'}
2023-03-25T11:14:09.412515+00:00 CRITICAL 'ansible_navigator.actions.run_playbook._handle_message' Unhandled message from runner queue, discarded: {'event': 'verbose', 'uuid': 'a3790a13-1f49-4ccf-802b-ae390c543ae5', 'counter': 10, 'stdout': '\x1b[0;31m      ^ here\x1b[0m', 'start_line': 9, 'end_line': 10, 'runner_ident': 'ebaf1670-c3ef-401b-8b5a-d9597fa3f62f', 'created': '2023-03-25T11:14:09.403745'}
2023-03-25T11:18:35.617388+00:00 CRITICAL 'ansible_navigator.actions.run_playbook._handle_message' Unhandled message from runner queue, discarded: {'event': 'verbose', 'uuid': '1188de31-e3d8-4c37-a465-633c7334e05e', 'counter': 1, 'stdout': "\x1b[0;31mERROR! the role 'samba_server' was not found in /home/student/AnsibleProject/roles:/home/runner/.ansible/roles:/usr/share/ansible/roles:/etc/ansible/roles:/home/student/AnsibleProject\x1b[0m", 'start_line': 0, 'end_line': 1, 'runner_ident': '53325ca4-a74e-4904-9e73-860fd4002437', 'created': '2023-03-25T11:18:35.615332'}
2023-03-25T11:18:35.617999+00:00 CRITICAL 'ansible_navigator.actions.run_playbook._handle_message' Unhandled message from runner queue, discarded: {'event': 'verbose', 'uuid': '5920d8f5-4868-4689-9374-5c3ef33f7a80', 'counter': 2, 'stdout': '\x1b[0;31m\x1b[0m', 'start_line': 1, 'end_line': 2, 'runner_ident': '53325ca4-a74e-4904-9e73-860fd4002437', 'created': '2023-03-25T11:18:35.615630'}
2023-03-25T11:18:35.618082+00:00 CRITICAL 'ansible_navigator.actions.run_playbook._handle_message' Unhandled message from runner queue, discarded: {'event': 'verbose', 'uuid': 'b6462c79-518c-4a98-9db0-b2e9235cd02c', 'counter': 3, 'stdout': "\x1b[0;31mThe error appears to be in '/home/student/AnsibleProject/playbook.yml': line 15, column 7, but may\x1b[0m", 'start_line': 2, 'end_line': 3, 'runner_ident': '53325ca4-a74e-4904-9e73-860fd4002437', 'created': '2023-03-25T11:18:35.615693'}
2023-03-25T11:18:35.618144+00:00 CRITICAL 'ansible_navigator.actions.run_playbook._handle_message' Unhandled message from runner queue, discarded: {'event': 'verbose', 'uuid': '7985d84e-6388-4fcf-9f37-7a666cfd8a00', 'counter': 4, 'stdout': '\x1b[0;31mbe elsewhere in the file depending on the exact syntax problem.\x1b[0m', 'start_line': 3, 'end_line': 4, 'runner_ident': '53325ca4-a74e-4904-9e73-860fd4002437', 'created': '2023-03-25T11:18:35.615752'}
2023-03-25T11:18:35.618198+00:00 CRITICAL 'ansible_navigator.actions.run_playbook._handle_message' Unhandled message from runner queue, discarded: {'event': 'verbose', 'uuid': '2a3e5b30-cde7-4ee5-81bb-0000565f8327', 'counter': 5, 'stdout': '\x1b[0;31m\x1b[0m', 'start_line': 4, 'end_line': 5, 'runner_ident': '53325ca4-a74e-4904-9e73-860fd4002437', 'created': '2023-03-25T11:18:35.615813'}
2023-03-25T11:18:35.618252+00:00 CRITICAL 'ansible_navigator.actions.run_playbook._handle_message' Unhandled message from runner queue, discarded: {'event': 'verbose', 'uuid': '172094a2-63bb-4fb8-bc81-b568a5cfec95', 'counter': 6, 'stdout': '\x1b[0;31mThe offending line appears to be:\x1b[0m', 'start_line': 5, 'end_line': 6, 'runner_ident': '53325ca4-a74e-4904-9e73-860fd4002437', 'created': '2023-03-25T11:18:35.615863'}
2023-03-25T11:18:35.618300+00:00 CRITICAL 'ansible_navigator.actions.run_playbook._handle_message' Unhandled message from runner queue, discarded: {'event': 'verbose', 'uuid': 'f5b607b0-616c-460f-a3f7-06e51e7df68a', 'counter': 7, 'stdout': '\x1b[0;31m\x1b[0m', 'start_line': 6, 'end_line': 7, 'runner_ident': '53325ca4-a74e-4904-9e73-860fd4002437', 'created': '2023-03-25T11:18:35.615908'}
2023-03-25T11:18:35.618346+00:00 CRITICAL 'ansible_navigator.actions.run_playbook._handle_message' Unhandled message from runner queue, discarded: {'event': 'verbose', 'uuid': 'fd86c5ce-7337-4eae-840a-a7c630ac0cb6', 'counter': 8, 'stdout': '\x1b[0;31m  roles:\x1b[0m', 'start_line': 7, 'end_line': 8, 'runner_ident': '53325ca4-a74e-4904-9e73-860fd4002437', 'created': '2023-03-25T11:18:35.615980'}
2023-03-25T11:18:35.618446+00:00 CRITICAL 'ansible_navigator.actions.run_playbook._handle_message' Unhandled message from runner queue, discarded: {'event': 'verbose', 'uuid': '49c5b773-8b60-4f0d-8f8e-3e69381c9423', 'counter': 9, 'stdout': '\x1b[0;31m    - samba_server\x1b[0m', 'start_line': 8, 'end_line': 9, 'runner_ident': '53325ca4-a74e-4904-9e73-860fd4002437', 'created': '2023-03-25T11:18:35.616027'}
2023-03-25T11:18:35.618515+00:00 CRITICAL 'ansible_navigator.actions.run_playbook._handle_message' Unhandled message from runner queue, discarded: {'event': 'verbose', 'uuid': '7c0f0d00-d4a6-48ce-bac6-b7297d2a8f66', 'counter': 10, 'stdout': '\x1b[0;31m      ^ here\x1b[0m', 'start_line': 9, 'end_line': 10, 'runner_ident': '53325ca4-a74e-4904-9e73-860fd4002437', 'created': '2023-03-25T11:18:35.616072'}
2023-03-25T11:19:46.085084+00:00 CRITICAL 'ansible_navigator.actions.run_playbook._handle_message' Unhandled message from runner queue, discarded: {'event': 'verbose', 'uuid': '057d01c2-ec35-4f5c-a9b8-22f576ea4f7b', 'counter': 1, 'stdout': "\x1b[0;31mERROR! couldn't resolve module/action 'sefcontext'. This often indicates a misspelling, missing collection, or incorrect module path.\x1b[0m", 'start_line': 0, 'end_line': 1, 'runner_ident': 'a030f8d6-7d4d-484c-a7c5-bf553ddb7178', 'created': '2023-03-25T11:19:46.080735'}
2023-03-25T11:19:46.085595+00:00 CRITICAL 'ansible_navigator.actions.run_playbook._handle_message' Unhandled message from runner queue, discarded: {'event': 'verbose', 'uuid': 'a3bde9f8-b862-487c-917c-e6794cd7b49a', 'counter': 2, 'stdout': '\x1b[0;31m\x1b[0m', 'start_line': 1, 'end_line': 2, 'runner_ident': 'a030f8d6-7d4d-484c-a7c5-bf553ddb7178', 'created': '2023-03-25T11:19:46.080936'}
2023-03-25T11:19:46.085669+00:00 CRITICAL 'ansible_navigator.actions.run_playbook._handle_message' Unhandled message from runner queue, discarded: {'event': 'verbose', 'uuid': '3dccfeaa-cbab-4ad0-9633-2d85566d326b', 'counter': 3, 'stdout': "\x1b[0;31mThe error appears to be in '/home/student/AnsibleProject/roles/samba_setup/tasks/main.yml': line 16, column 3, but may\x1b[0m", 'start_line': 2, 'end_line': 3, 'runner_ident': 'a030f8d6-7d4d-484c-a7c5-bf553ddb7178', 'created': '2023-03-25T11:19:46.081006'}
2023-03-25T11:19:46.085725+00:00 CRITICAL 'ansible_navigator.actions.run_playbook._handle_message' Unhandled message from runner queue, discarded: {'event': 'verbose', 'uuid': '20b30fcc-303a-49a2-8617-a813f43652c5', 'counter': 4, 'stdout': '\x1b[0;31mbe elsewhere in the file depending on the exact syntax problem.\x1b[0m', 'start_line': 3, 'end_line': 4, 'runner_ident': 'a030f8d6-7d4d-484c-a7c5-bf553ddb7178', 'created': '2023-03-25T11:19:46.081054'}
2023-03-25T11:19:46.085773+00:00 CRITICAL 'ansible_navigator.actions.run_playbook._handle_message' Unhandled message from runner queue, discarded: {'event': 'verbose', 'uuid': 'fc946698-fcb7-4ac4-8d79-489948c1ebdb', 'counter': 5, 'stdout': '\x1b[0;31m\x1b[0m', 'start_line': 4, 'end_line': 5, 'runner_ident': 'a030f8d6-7d4d-484c-a7c5-bf553ddb7178', 'created': '2023-03-25T11:19:46.081104'}
2023-03-25T11:19:46.085824+00:00 CRITICAL 'ansible_navigator.actions.run_playbook._handle_message' Unhandled message from runner queue, discarded: {'event': 'verbose', 'uuid': '7d3d2aa4-dfd0-411c-8360-fb6173de9df2', 'counter': 6, 'stdout': '\x1b[0;31mThe offending line appears to be:\x1b[0m', 'start_line': 5, 'end_line': 6, 'runner_ident': 'a030f8d6-7d4d-484c-a7c5-bf553ddb7178', 'created': '2023-03-25T11:19:46.081150'}
2023-03-25T11:19:46.085869+00:00 CRITICAL 'ansible_navigator.actions.run_playbook._handle_message' Unhandled message from runner queue, discarded: {'event': 'verbose', 'uuid': 'c465509a-3356-4438-abde-e34df6652ab5', 'counter': 7, 'stdout': '\x1b[0;31m\x1b[0m', 'start_line': 6, 'end_line': 7, 'runner_ident': 'a030f8d6-7d4d-484c-a7c5-bf553ddb7178', 'created': '2023-03-25T11:19:46.081198'}
2023-03-25T11:19:46.085912+00:00 CRITICAL 'ansible_navigator.actions.run_playbook._handle_message' Unhandled message from runner queue, discarded: {'event': 'verbose', 'uuid': 'ab8e247c-0696-4c94-8a3a-9a95232a666d', 'counter': 8, 'stdout': '\x1b[0;31m\x1b[0m', 'start_line': 7, 'end_line': 8, 'runner_ident': 'a030f8d6-7d4d-484c-a7c5-bf553ddb7178', 'created': '2023-03-25T11:19:46.081253'}
2023-03-25T11:19:46.085964+00:00 CRITICAL 'ansible_navigator.actions.run_playbook._handle_message' Unhandled message from runner queue, discarded: {'event': 'verbose', 'uuid': '5af2b33b-8fd4-48cd-b050-478fe2039129', 'counter': 9, 'stdout': '\x1b[0;31m- name: Set SELinux context for Samba share directory\x1b[0m', 'start_line': 8, 'end_line': 9, 'runner_ident': 'a030f8d6-7d4d-484c-a7c5-bf553ddb7178', 'created': '2023-03-25T11:19:46.081293'}
2023-03-25T11:19:46.086020+00:00 CRITICAL 'ansible_navigator.actions.run_playbook._handle_message' Unhandled message from runner queue, discarded: {'event': 'verbose', 'uuid': 'd84b02f7-c832-4814-a8e9-3b00efe0f4b6', 'counter': 10, 'stdout': '\x1b[0;31m  ^ here\x1b[0m', 'start_line': 9, 'end_line': 10, 'runner_ident': 'a030f8d6-7d4d-484c-a7c5-bf553ddb7178', 'created': '2023-03-25T11:19:46.081333'}
2023-03-25T11:27:20.867748+00:00 CRITICAL 'ansible_navigator.actions.run_playbook._handle_message' Unhandled message from runner queue, discarded: {'event': 'verbose', 'uuid': 'd1f2276c-7714-4d8d-ab9a-507b769bfc8c', 'counter': 1, 'stdout': '\x1b[0;31mERROR! conflicting action statements: ansible.posix.firewalld, looped\x1b[0m', 'start_line': 0, 'end_line': 1, 'runner_ident': '9b21222e-3ea8-44d5-8522-943ea043873d', 'created': '2023-03-25T11:27:20.860158'}
2023-03-25T11:27:20.868265+00:00 CRITICAL 'ansible_navigator.actions.run_playbook._handle_message' Unhandled message from runner queue, discarded: {'event': 'verbose', 'uuid': 'e76d33b7-e094-4b1b-bf2b-6c6aabf72a91', 'counter': 2, 'stdout': '\x1b[0;31m\x1b[0m', 'start_line': 1, 'end_line': 2, 'runner_ident': '9b21222e-3ea8-44d5-8522-943ea043873d', 'created': '2023-03-25T11:27:20.860370'}
2023-03-25T11:27:20.868344+00:00 CRITICAL 'ansible_navigator.actions.run_playbook._handle_message' Unhandled message from runner queue, discarded: {'event': 'verbose', 'uuid': 'defab568-1446-4027-be85-2bf4e633f679', 'counter': 3, 'stdout': "\x1b[0;31mThe error appears to be in '/home/student/AnsibleProject/playbook.yml': line 24, column 7, but may\x1b[0m", 'start_line': 2, 'end_line': 3, 'runner_ident': '9b21222e-3ea8-44d5-8522-943ea043873d', 'created': '2023-03-25T11:27:20.860435'}
2023-03-25T11:27:20.868400+00:00 CRITICAL 'ansible_navigator.actions.run_playbook._handle_message' Unhandled message from runner queue, discarded: {'event': 'verbose', 'uuid': '37f5e67d-9afe-492a-8289-cd04065cdf21', 'counter': 4, 'stdout': '\x1b[0;31mbe elsewhere in the file depending on the exact syntax problem.\x1b[0m', 'start_line': 3, 'end_line': 4, 'runner_ident': '9b21222e-3ea8-44d5-8522-943ea043873d', 'created': '2023-03-25T11:27:20.860484'}
2023-03-25T11:27:20.868466+00:00 CRITICAL 'ansible_navigator.actions.run_playbook._handle_message' Unhandled message from runner queue, discarded: {'event': 'verbose', 'uuid': 'b62653d9-d9d3-476d-92cd-ac9bff16ba26', 'counter': 5, 'stdout': '\x1b[0;31m\x1b[0m', 'start_line': 4, 'end_line': 5, 'runner_ident': '9b21222e-3ea8-44d5-8522-943ea043873d', 'created': '2023-03-25T11:27:20.860529'}
2023-03-25T11:27:20.868529+00:00 CRITICAL 'ansible_navigator.actions.run_playbook._handle_message' Unhandled message from runner queue, discarded: {'event': 'verbose', 'uuid': 'ffeda724-24d9-4d94-9a50-e660cf99f2cc', 'counter': 6, 'stdout': '\x1b[0;31mThe offending line appears to be:\x1b[0m', 'start_line': 5, 'end_line': 6, 'runner_ident': '9b21222e-3ea8-44d5-8522-943ea043873d', 'created': '2023-03-25T11:27:20.860570'}
2023-03-25T11:27:20.868573+00:00 CRITICAL 'ansible_navigator.actions.run_playbook._handle_message' Unhandled message from runner queue, discarded: {'event': 'verbose', 'uuid': 'db09b3ff-86bc-401f-a461-da7587f0f77d', 'counter': 7, 'stdout': '\x1b[0;31m\x1b[0m', 'start_line': 6, 'end_line': 7, 'runner_ident': '9b21222e-3ea8-44d5-8522-943ea043873d', 'created': '2023-03-25T11:27:20.860609'}
2023-03-25T11:27:20.868621+00:00 CRITICAL 'ansible_navigator.actions.run_playbook._handle_message' Unhandled message from runner queue, discarded: {'event': 'verbose', 'uuid': '9ecff630-1401-4ee9-9b23-240f0c7215a8', 'counter': 8, 'stdout': '\x1b[0;31m\x1b[0m', 'start_line': 7, 'end_line': 8, 'runner_ident': '9b21222e-3ea8-44d5-8522-943ea043873d', 'created': '2023-03-25T11:27:20.860648'}
2023-03-25T11:27:20.868663+00:00 CRITICAL 'ansible_navigator.actions.run_playbook._handle_message' Unhandled message from runner queue, discarded: {'event': 'verbose', 'uuid': 'fc8c1ad4-6afd-46c5-9f43-d59ffba001ba', 'counter': 9, 'stdout': '\x1b[0;31m    - name: Add allowed service to firewall\x1b[0m', 'start_line': 8, 'end_line': 9, 'runner_ident': '9b21222e-3ea8-44d5-8522-943ea043873d', 'created': '2023-03-25T11:27:20.860686'}
2023-03-25T11:27:20.868705+00:00 CRITICAL 'ansible_navigator.actions.run_playbook._handle_message' Unhandled message from runner queue, discarded: {'event': 'verbose', 'uuid': '941e945c-2b74-453f-9bf6-0e798d497b0b', 'counter': 10, 'stdout': '\x1b[0;31m      ^ here\x1b[0m', 'start_line': 9, 'end_line': 10, 'runner_ident': '9b21222e-3ea8-44d5-8522-943ea043873d', 'created': '2023-03-25T11:27:20.860726'}
2023-03-25T11:29:36.580566+00:00 CRITICAL 'ansible_navigator.actions.run_playbook._handle_message' Unhandled message from runner queue, discarded: {'event': 'verbose', 'uuid': '8113299f-3dd9-4739-9489-cde6f3b94b83', 'counter': 1, 'stdout': '\x1b[0;31mERROR! conflicting action statements: firewalld, looped\x1b[0m', 'start_line': 0, 'end_line': 1, 'runner_ident': '03690593-df52-4ed3-bcef-ca0d59b348e8', 'created': '2023-03-25T11:29:36.576101'}
2023-03-25T11:29:36.581178+00:00 CRITICAL 'ansible_navigator.actions.run_playbook._handle_message' Unhandled message from runner queue, discarded: {'event': 'verbose', 'uuid': '9032578e-cfe9-4445-83b7-17d5dff0bbb2', 'counter': 2, 'stdout': '\x1b[0;31m\x1b[0m', 'start_line': 1, 'end_line': 2, 'runner_ident': '03690593-df52-4ed3-bcef-ca0d59b348e8', 'created': '2023-03-25T11:29:36.576307'}
2023-03-25T11:29:36.581264+00:00 CRITICAL 'ansible_navigator.actions.run_playbook._handle_message' Unhandled message from runner queue, discarded: {'event': 'verbose', 'uuid': '535c6cb3-0873-4597-ac8d-b076f37fa599', 'counter': 3, 'stdout': "\x1b[0;31mThe error appears to be in '/home/student/AnsibleProject/playbook.yml': line 24, column 7, but may\x1b[0m", 'start_line': 2, 'end_line': 3, 'runner_ident': '03690593-df52-4ed3-bcef-ca0d59b348e8', 'created': '2023-03-25T11:29:36.576361'}
2023-03-25T11:29:36.581324+00:00 CRITICAL 'ansible_navigator.actions.run_playbook._handle_message' Unhandled message from runner queue, discarded: {'event': 'verbose', 'uuid': '29220f26-219d-44f8-9632-0b09482cf1cf', 'counter': 4, 'stdout': '\x1b[0;31mbe elsewhere in the file depending on the exact syntax problem.\x1b[0m', 'start_line': 3, 'end_line': 4, 'runner_ident': '03690593-df52-4ed3-bcef-ca0d59b348e8', 'created': '2023-03-25T11:29:36.576408'}
2023-03-25T11:29:36.581387+00:00 CRITICAL 'ansible_navigator.actions.run_playbook._handle_message' Unhandled message from runner queue, discarded: {'event': 'verbose', 'uuid': '72fe50c4-54d4-4679-a9ff-13272d788f91', 'counter': 5, 'stdout': '\x1b[0;31m\x1b[0m', 'start_line': 4, 'end_line': 5, 'runner_ident': '03690593-df52-4ed3-bcef-ca0d59b348e8', 'created': '2023-03-25T11:29:36.576592'}
2023-03-25T11:29:36.581594+00:00 CRITICAL 'ansible_navigator.actions.run_playbook._handle_message' Unhandled message from runner queue, discarded: {'event': 'verbose', 'uuid': '9cb1ced7-42eb-4dbd-980a-5e7dfae37a99', 'counter': 6, 'stdout': '\x1b[0;31mThe offending line appears to be:\x1b[0m', 'start_line': 5, 'end_line': 6, 'runner_ident': '03690593-df52-4ed3-bcef-ca0d59b348e8', 'created': '2023-03-25T11:29:36.576644'}
2023-03-25T11:29:36.581669+00:00 CRITICAL 'ansible_navigator.actions.run_playbook._handle_message' Unhandled message from runner queue, discarded: {'event': 'verbose', 'uuid': '3a8b3ea2-1fd7-4fe0-beff-d4c37fbcdb02', 'counter': 7, 'stdout': '\x1b[0;31m\x1b[0m', 'start_line': 6, 'end_line': 7, 'runner_ident': '03690593-df52-4ed3-bcef-ca0d59b348e8', 'created': '2023-03-25T11:29:36.576683'}
2023-03-25T11:29:36.581733+00:00 CRITICAL 'ansible_navigator.actions.run_playbook._handle_message' Unhandled message from runner queue, discarded: {'event': 'verbose', 'uuid': '32473b05-eadf-4405-9495-bab220fac6be', 'counter': 8, 'stdout': '\x1b[0;31m\x1b[0m', 'start_line': 7, 'end_line': 8, 'runner_ident': '03690593-df52-4ed3-bcef-ca0d59b348e8', 'created': '2023-03-25T11:29:36.576729'}
2023-03-25T11:29:36.581782+00:00 CRITICAL 'ansible_navigator.actions.run_playbook._handle_message' Unhandled message from runner queue, discarded: {'event': 'verbose', 'uuid': 'abc59a94-a7eb-4dac-b8f2-7e951772b1e5', 'counter': 9, 'stdout': '\x1b[0;31m    - name: Add allowed service to firewall\x1b[0m', 'start_line': 8, 'end_line': 9, 'runner_ident': '03690593-df52-4ed3-bcef-ca0d59b348e8', 'created': '2023-03-25T11:29:36.576770'}
2023-03-25T11:29:36.581829+00:00 CRITICAL 'ansible_navigator.actions.run_playbook._handle_message' Unhandled message from runner queue, discarded: {'event': 'verbose', 'uuid': '0ca93eec-35e4-4e21-a533-537a0eeb3f4b', 'counter': 10, 'stdout': '\x1b[0;31m      ^ here\x1b[0m', 'start_line': 9, 'end_line': 10, 'runner_ident': '03690593-df52-4ed3-bcef-ca0d59b348e8', 'created': '2023-03-25T11:29:36.576809'}
2023-03-25T11:29:57.598334+00:00 CRITICAL 'ansible_navigator.actions.run_playbook._handle_message' Unhandled message from runner queue, discarded: {'event': 'verbose', 'uuid': '0175e679-cb6c-411f-bd23-6029c804c884', 'counter': 1, 'stdout': '', 'start_line': 0, 'end_line': 1, 'runner_ident': 'bc8ea02f-7e25-4faa-9c85-92a5d10393c0', 'created': '2023-03-25T11:29:57.591326'}
2023-03-25T11:29:57.598974+00:00 CRITICAL 'ansible_navigator.actions.run_playbook._handle_message' Unhandled message from runner queue, discarded: {'event': 'verbose', 'uuid': 'c55b3349-6451-4561-a9c6-36df4f30ad83', 'counter': 2, 'stdout': 'playbook: /home/student/AnsibleProject/playbook.yml', 'start_line': 1, 'end_line': 2, 'runner_ident': 'bc8ea02f-7e25-4faa-9c85-92a5d10393c0', 'created': '2023-03-25T11:29:57.591649'}
2023-03-25T11:34:29.361765+00:00 CRITICAL 'ansible_navigator.actions.run_playbook._handle_message' Unhandled message from runner queue, discarded: {'event': 'verbose', 'uuid': '3ad47b6c-0146-43bd-81c0-133b82b06c89', 'counter': 1, 'stdout': '', 'start_line': 0, 'end_line': 1, 'runner_ident': '380b7626-9d74-47f0-9403-cfc8aeabae6e', 'created': '2023-03-25T11:34:29.357854'}
2023-03-25T11:34:29.362485+00:00 CRITICAL 'ansible_navigator.actions.run_playbook._handle_message' Unhandled message from runner queue, discarded: {'event': 'verbose', 'uuid': '02dbffa5-ee86-4cfc-949e-7514d148713e', 'counter': 2, 'stdout': 'playbook: /home/student/AnsibleProject/playbook.yml', 'start_line': 1, 'end_line': 2, 'runner_ident': '380b7626-9d74-47f0-9403-cfc8aeabae6e', 'created': '2023-03-25T11:34:29.358124'}
2023-03-25T12:32:04.441859+00:00 CRITICAL 'ansible_navigator.actions.run_playbook._handle_message' Unhandled message from runner queue, discarded: {'event': 'verbose', 'uuid': 'bfa89ab5-44cc-4838-b96a-7986ce7229bb', 'counter': 1, 'stdout': '', 'start_line': 0, 'end_line': 1, 'runner_ident': '5a625905-5b10-480d-a94d-a8b00a855e06', 'created': '2023-03-25T12:32:04.436073'}
2023-03-25T12:32:04.442516+00:00 CRITICAL 'ansible_navigator.actions.run_playbook._handle_message' Unhandled message from runner queue, discarded: {'event': 'verbose', 'uuid': 'ba2d57f4-3df5-4d62-88b6-3f8af5ae18b8', 'counter': 2, 'stdout': 'playbook: /home/student/AnsibleProject/playbook.yml', 'start_line': 1, 'end_line': 2, 'runner_ident': '5a625905-5b10-480d-a94d-a8b00a855e06', 'created': '2023-03-25T12:32:04.436392'}
2023-03-25T12:36:17.199094+00:00 WARNING 'ansible_navigator.run' Dirty exit, killing the pid
2023-03-25T12:38:41.804360+00:00 WARNING 'ansible_navigator.run' Dirty exit, killing the pid
2023-03-25T12:38:45.811791+00:00 CRITICAL 'ansible_navigator.actions.run_playbook._handle_message' Unhandled message from runner queue, discarded: {'event': 'verbose', 'uuid': 'bd4aa8aa-3bd0-42e8-9668-151523dd13ce', 'counter': 1, 'stdout': '\x1b[0;34mansible-playbook [core 2.13.3]\x1b[0m', 'start_line': 0, 'end_line': 1, 'runner_ident': '755ecee1-3202-4359-9817-5b669b38b095', 'created': '2023-03-25T12:38:45.806946'}
2023-03-25T12:38:45.812579+00:00 CRITICAL 'ansible_navigator.actions.run_playbook._handle_message' Unhandled message from runner queue, discarded: {'event': 'verbose', 'uuid': 'a2b02a2b-4d19-4be3-b586-25599d61285f', 'counter': 2, 'stdout': '\x1b[0;34m  config file = /home/student/AnsibleProject/ansible.cfg\x1b[0m', 'start_line': 1, 'end_line': 2, 'runner_ident': '755ecee1-3202-4359-9817-5b669b38b095', 'created': '2023-03-25T12:38:45.807244'}
2023-03-25T12:38:45.812664+00:00 CRITICAL 'ansible_navigator.actions.run_playbook._handle_message' Unhandled message from runner queue, discarded: {'event': 'verbose', 'uuid': '1541c557-b7e4-44f1-9454-43319e7b0f54', 'counter': 3, 'stdout': "\x1b[0;34m  configured module search path = ['/home/runner/.ansible/plugins/modules', '/usr/share/ansible/plugins/modules']\x1b[0m", 'start_line': 2, 'end_line': 3, 'runner_ident': '755ecee1-3202-4359-9817-5b669b38b095', 'created': '2023-03-25T12:38:45.807308'}
2023-03-25T12:38:45.812743+00:00 CRITICAL 'ansible_navigator.actions.run_playbook._handle_message' Unhandled message from runner queue, discarded: {'event': 'verbose', 'uuid': 'd539efa1-9773-48d6-8f5d-64570363607a', 'counter': 4, 'stdout': '\x1b[0;34m  ansible python module location = /usr/lib/python3.9/site-packages/ansible\x1b[0m', 'start_line': 3, 'end_line': 4, 'runner_ident': '755ecee1-3202-4359-9817-5b669b38b095', 'created': '2023-03-25T12:38:45.807356'}
2023-03-25T12:38:45.812805+00:00 CRITICAL 'ansible_navigator.actions.run_playbook._handle_message' Unhandled message from runner queue, discarded: {'event': 'verbose', 'uuid': '9c7af6f7-04e2-417d-9772-6a173ff9a84a', 'counter': 5, 'stdout': '\x1b[0;34m  ansible collection location = /home/runner/.ansible/collections:/usr/share/ansible/collections\x1b[0m', 'start_line': 4, 'end_line': 5, 'runner_ident': '755ecee1-3202-4359-9817-5b669b38b095', 'created': '2023-03-25T12:38:45.807400'}
2023-03-25T12:38:45.812856+00:00 CRITICAL 'ansible_navigator.actions.run_playbook._handle_message' Unhandled message from runner queue, discarded: {'event': 'verbose', 'uuid': '9bfc91bb-2797-4d35-af5e-a57b7f33bba1', 'counter': 6, 'stdout': '\x1b[0;34m  executable location = /usr/bin/ansible-playbook\x1b[0m', 'start_line': 5, 'end_line': 6, 'runner_ident': '755ecee1-3202-4359-9817-5b669b38b095', 'created': '2023-03-25T12:38:45.807459'}
2023-03-25T12:38:45.812905+00:00 CRITICAL 'ansible_navigator.actions.run_playbook._handle_message' Unhandled message from runner queue, discarded: {'event': 'verbose', 'uuid': '2c23e733-feea-4a8f-a773-915efaa8e880', 'counter': 7, 'stdout': '\x1b[0;34m  python version = 3.9.7 (default, Sep 13 2021, 08:18:39) [GCC 8.5.0 20210514 (Red Hat 8.5.0-3)]\x1b[0m', 'start_line': 6, 'end_line': 7, 'runner_ident': '755ecee1-3202-4359-9817-5b669b38b095', 'created': '2023-03-25T12:38:45.807505'}
2023-03-25T12:38:45.812955+00:00 CRITICAL 'ansible_navigator.actions.run_playbook._handle_message' Unhandled message from runner queue, discarded: {'event': 'verbose', 'uuid': '7c8f2ca9-0fe6-441c-aa0d-484c9fd0f392', 'counter': 8, 'stdout': '\x1b[0;34m  jinja version = 3.0.3\x1b[0m', 'start_line': 7, 'end_line': 8, 'runner_ident': '755ecee1-3202-4359-9817-5b669b38b095', 'created': '2023-03-25T12:38:45.807548'}
2023-03-25T12:38:45.813002+00:00 CRITICAL 'ansible_navigator.actions.run_playbook._handle_message' Unhandled message from runner queue, discarded: {'event': 'verbose', 'uuid': 'a350d18f-9f6c-47c1-9414-3f0b036862db', 'counter': 9, 'stdout': '\x1b[0;34m  libyaml = True\x1b[0m', 'start_line': 8, 'end_line': 9, 'runner_ident': '755ecee1-3202-4359-9817-5b669b38b095', 'created': '2023-03-25T12:38:45.807590'}
2023-03-25T12:38:45.813049+00:00 CRITICAL 'ansible_navigator.actions.run_playbook._handle_message' Unhandled message from runner queue, discarded: {'event': 'verbose', 'uuid': '75fcbf3d-aaa4-44ba-a622-b967195453d4', 'counter': 10, 'stdout': '\x1b[0;34mUsing /home/student/AnsibleProject/ansible.cfg as config file\x1b[0m', 'start_line': 9, 'end_line': 10, 'runner_ident': '755ecee1-3202-4359-9817-5b669b38b095', 'created': '2023-03-25T12:38:45.807631'}
2023-03-25T12:39:04.626304+00:00 WARNING 'ansible_navigator.run' Dirty exit, killing the pid
2023-03-25T12:40:54.171671+00:00 CRITICAL 'ansible_navigator.actions.run_playbook._handle_message' Unhandled message from runner queue, discarded: {'event': 'verbose', 'uuid': '50e4cad0-b078-4661-b65f-00ee62399994', 'counter': 1, 'stdout': '\x1b[0;34mansible-playbook [core 2.13.3]\x1b[0m', 'start_line': 0, 'end_line': 1, 'runner_ident': '68b6e7e8-fd4f-4af7-a09e-e6f842c8b21e', 'created': '2023-03-25T12:40:54.166088'}
2023-03-25T12:40:54.172461+00:00 CRITICAL 'ansible_navigator.actions.run_playbook._handle_message' Unhandled message from runner queue, discarded: {'event': 'verbose', 'uuid': '06d7767c-28e6-4a9c-8de0-6f6084893062', 'counter': 2, 'stdout': '\x1b[0;34m  config file = /home/student/AnsibleProject/ansible.cfg\x1b[0m', 'start_line': 1, 'end_line': 2, 'runner_ident': '68b6e7e8-fd4f-4af7-a09e-e6f842c8b21e', 'created': '2023-03-25T12:40:54.166323'}
2023-03-25T12:40:54.172591+00:00 CRITICAL 'ansible_navigator.actions.run_playbook._handle_message' Unhandled message from runner queue, discarded: {'event': 'verbose', 'uuid': 'ce4de11d-8ef2-4d31-a0bc-ad875d8a5a48', 'counter': 3, 'stdout': "\x1b[0;34m  configured module search path = ['/home/runner/.ansible/plugins/modules', '/usr/share/ansible/plugins/modules']\x1b[0m", 'start_line': 2, 'end_line': 3, 'runner_ident': '68b6e7e8-fd4f-4af7-a09e-e6f842c8b21e', 'created': '2023-03-25T12:40:54.166380'}
2023-03-25T12:40:54.172656+00:00 CRITICAL 'ansible_navigator.actions.run_playbook._handle_message' Unhandled message from runner queue, discarded: {'event': 'verbose', 'uuid': 'c4abc5b3-e742-42aa-bfde-0cf608ea270e', 'counter': 4, 'stdout': '\x1b[0;34m  ansible python module location = /usr/lib/python3.9/site-packages/ansible\x1b[0m', 'start_line': 3, 'end_line': 4, 'runner_ident': '68b6e7e8-fd4f-4af7-a09e-e6f842c8b21e', 'created': '2023-03-25T12:40:54.166449'}
2023-03-25T12:40:54.172724+00:00 CRITICAL 'ansible_navigator.actions.run_playbook._handle_message' Unhandled message from runner queue, discarded: {'event': 'verbose', 'uuid': '12ca3c65-ee64-4b4e-9316-f8d64c14346b', 'counter': 5, 'stdout': '\x1b[0;34m  ansible collection location = /home/runner/.ansible/collections:/usr/share/ansible/collections\x1b[0m', 'start_line': 4, 'end_line': 5, 'runner_ident': '68b6e7e8-fd4f-4af7-a09e-e6f842c8b21e', 'created': '2023-03-25T12:40:54.166497'}
2023-03-25T12:40:54.172780+00:00 CRITICAL 'ansible_navigator.actions.run_playbook._handle_message' Unhandled message from runner queue, discarded: {'event': 'verbose', 'uuid': '3542d4b0-68f8-4006-b0d4-52af6f4d2d98', 'counter': 6, 'stdout': '\x1b[0;34m  executable location = /usr/bin/ansible-playbook\x1b[0m', 'start_line': 5, 'end_line': 6, 'runner_ident': '68b6e7e8-fd4f-4af7-a09e-e6f842c8b21e', 'created': '2023-03-25T12:40:54.166538'}
2023-03-25T12:40:54.172828+00:00 CRITICAL 'ansible_navigator.actions.run_playbook._handle_message' Unhandled message from runner queue, discarded: {'event': 'verbose', 'uuid': '3ecf474d-e28e-404d-ad6f-f077782f4d30', 'counter': 7, 'stdout': '\x1b[0;34m  python version = 3.9.7 (default, Sep 13 2021, 08:18:39) [GCC 8.5.0 20210514 (Red Hat 8.5.0-3)]\x1b[0m', 'start_line': 6, 'end_line': 7, 'runner_ident': '68b6e7e8-fd4f-4af7-a09e-e6f842c8b21e', 'created': '2023-03-25T12:40:54.166581'}
2023-03-25T12:40:54.172878+00:00 CRITICAL 'ansible_navigator.actions.run_playbook._handle_message' Unhandled message from runner queue, discarded: {'event': 'verbose', 'uuid': 'cd84c84b-4844-40a2-8d12-e1b4469bf625', 'counter': 8, 'stdout': '\x1b[0;34m  jinja version = 3.0.3\x1b[0m', 'start_line': 7, 'end_line': 8, 'runner_ident': '68b6e7e8-fd4f-4af7-a09e-e6f842c8b21e', 'created': '2023-03-25T12:40:54.166620'}
2023-03-25T12:40:54.172926+00:00 CRITICAL 'ansible_navigator.actions.run_playbook._handle_message' Unhandled message from runner queue, discarded: {'event': 'verbose', 'uuid': '02245a12-f594-4199-8ad3-fde58992800b', 'counter': 9, 'stdout': '\x1b[0;34m  libyaml = True\x1b[0m', 'start_line': 8, 'end_line': 9, 'runner_ident': '68b6e7e8-fd4f-4af7-a09e-e6f842c8b21e', 'created': '2023-03-25T12:40:54.166659'}
2023-03-25T12:40:54.172979+00:00 CRITICAL 'ansible_navigator.actions.run_playbook._handle_message' Unhandled message from runner queue, discarded: {'event': 'verbose', 'uuid': 'b2259931-7fe1-4d90-8ac9-d2448990beb5', 'counter': 10, 'stdout': '\x1b[0;34mUsing /home/student/AnsibleProject/ansible.cfg as config file\x1b[0m', 'start_line': 9, 'end_line': 10, 'runner_ident': '68b6e7e8-fd4f-4af7-a09e-e6f842c8b21e', 'created': '2023-03-25T12:40:54.166713'}
2023-03-25T12:41:15.425626+00:00 WARNING 'ansible_navigator.run' Dirty exit, killing the pid
2023-03-25T12:43:28.063793+00:00 CRITICAL 'ansible_navigator.actions.run_playbook._handle_message' Unhandled message from runner queue, discarded: {'event': 'verbose', 'uuid': '2afdabd9-a903-48ec-8f21-5d6b585bf7e4', 'counter': 1, 'stdout': '\x1b[0;34mansible-playbook [core 2.13.3]\x1b[0m', 'start_line': 0, 'end_line': 1, 'runner_ident': '642a6d86-fc4d-46f7-a25d-0ed53a8ebd6d', 'created': '2023-03-25T12:43:28.061470'}
2023-03-25T12:43:28.064287+00:00 CRITICAL 'ansible_navigator.actions.run_playbook._handle_message' Unhandled message from runner queue, discarded: {'event': 'verbose', 'uuid': '95efeacc-b122-4d89-a300-7e576eb68370', 'counter': 2, 'stdout': '\x1b[0;34m  config file = /home/student/AnsibleProject/ansible.cfg\x1b[0m', 'start_line': 1, 'end_line': 2, 'runner_ident': '642a6d86-fc4d-46f7-a25d-0ed53a8ebd6d', 'created': '2023-03-25T12:43:28.061668'}
2023-03-25T12:43:28.064374+00:00 CRITICAL 'ansible_navigator.actions.run_playbook._handle_message' Unhandled message from runner queue, discarded: {'event': 'verbose', 'uuid': 'd83d7e6f-9321-4c7d-9a99-222dea718d3a', 'counter': 3, 'stdout': "\x1b[0;34m  configured module search path = ['/home/runner/.ansible/plugins/modules', '/usr/share/ansible/plugins/modules']\x1b[0m", 'start_line': 2, 'end_line': 3, 'runner_ident': '642a6d86-fc4d-46f7-a25d-0ed53a8ebd6d', 'created': '2023-03-25T12:43:28.061740'}
2023-03-25T12:43:28.064446+00:00 CRITICAL 'ansible_navigator.actions.run_playbook._handle_message' Unhandled message from runner queue, discarded: {'event': 'verbose', 'uuid': 'f7e2083e-dbc9-48fc-9008-558c2cf64735', 'counter': 4, 'stdout': '\x1b[0;34m  ansible python module location = /usr/lib/python3.9/site-packages/ansible\x1b[0m', 'start_line': 3, 'end_line': 4, 'runner_ident': '642a6d86-fc4d-46f7-a25d-0ed53a8ebd6d', 'created': '2023-03-25T12:43:28.061788'}
2023-03-25T12:43:28.064509+00:00 CRITICAL 'ansible_navigator.actions.run_playbook._handle_message' Unhandled message from runner queue, discarded: {'event': 'verbose', 'uuid': '6df0e18c-541d-4bf2-b95f-e422bfffd455', 'counter': 5, 'stdout': '\x1b[0;34m  ansible collection location = /home/runner/.ansible/collections:/usr/share/ansible/collections\x1b[0m', 'start_line': 4, 'end_line': 5, 'runner_ident': '642a6d86-fc4d-46f7-a25d-0ed53a8ebd6d', 'created': '2023-03-25T12:43:28.061830'}
2023-03-25T12:43:28.064562+00:00 CRITICAL 'ansible_navigator.actions.run_playbook._handle_message' Unhandled message from runner queue, discarded: {'event': 'verbose', 'uuid': '717828bb-2a6b-4752-9dff-21d0e1fecaa3', 'counter': 6, 'stdout': '\x1b[0;34m  executable location = /usr/bin/ansible-playbook\x1b[0m', 'start_line': 5, 'end_line': 6, 'runner_ident': '642a6d86-fc4d-46f7-a25d-0ed53a8ebd6d', 'created': '2023-03-25T12:43:28.061869'}
2023-03-25T12:43:28.064613+00:00 CRITICAL 'ansible_navigator.actions.run_playbook._handle_message' Unhandled message from runner queue, discarded: {'event': 'verbose', 'uuid': '68112b9c-d3ae-4093-ad1c-12c272a5c135', 'counter': 7, 'stdout': '\x1b[0;34m  python version = 3.9.7 (default, Sep 13 2021, 08:18:39) [GCC 8.5.0 20210514 (Red Hat 8.5.0-3)]\x1b[0m', 'start_line': 6, 'end_line': 7, 'runner_ident': '642a6d86-fc4d-46f7-a25d-0ed53a8ebd6d', 'created': '2023-03-25T12:43:28.061912'}
2023-03-25T12:43:28.064669+00:00 CRITICAL 'ansible_navigator.actions.run_playbook._handle_message' Unhandled message from runner queue, discarded: {'event': 'verbose', 'uuid': '18d25fcc-a38c-489e-a478-f1a3cadb2e05', 'counter': 8, 'stdout': '\x1b[0;34m  jinja version = 3.0.3\x1b[0m', 'start_line': 7, 'end_line': 8, 'runner_ident': '642a6d86-fc4d-46f7-a25d-0ed53a8ebd6d', 'created': '2023-03-25T12:43:28.061953'}
2023-03-25T12:43:28.064727+00:00 CRITICAL 'ansible_navigator.actions.run_playbook._handle_message' Unhandled message from runner queue, discarded: {'event': 'verbose', 'uuid': '9c2913b0-2c9e-47a7-82b1-a7207caa7267', 'counter': 9, 'stdout': '\x1b[0;34m  libyaml = True\x1b[0m', 'start_line': 8, 'end_line': 9, 'runner_ident': '642a6d86-fc4d-46f7-a25d-0ed53a8ebd6d', 'created': '2023-03-25T12:43:28.061991'}
2023-03-25T12:43:28.064777+00:00 CRITICAL 'ansible_navigator.actions.run_playbook._handle_message' Unhandled message from runner queue, discarded: {'event': 'verbose', 'uuid': 'a21e3792-5e17-4663-b414-dba66105205a', 'counter': 10, 'stdout': '\x1b[0;34mUsing /home/student/AnsibleProject/ansible.cfg as config file\x1b[0m', 'start_line': 9, 'end_line': 10, 'runner_ident': '642a6d86-fc4d-46f7-a25d-0ed53a8ebd6d', 'created': '2023-03-25T12:43:28.062030'}
2023-03-25T12:43:28.074940+00:00 CRITICAL 'ansible_navigator.actions.run_playbook._handle_message' Unhandled message from runner queue, discarded: {'event': 'verbose', 'uuid': '117874fc-0524-4962-9f62-34cdf21515c6', 'counter': 11, 'stdout': '\x1b[0;34mhost_list declined parsing /home/student/AnsibleProject/inventory as it did not pass its verify_file() method\x1b[0m', 'start_line': 10, 'end_line': 11, 'runner_ident': '642a6d86-fc4d-46f7-a25d-0ed53a8ebd6d', 'created': '2023-03-25T12:43:28.069744'}
2023-03-25T12:43:28.075075+00:00 CRITICAL 'ansible_navigator.actions.run_playbook._handle_message' Unhandled message from runner queue, discarded: {'event': 'verbose', 'uuid': '6b365702-0373-4458-ab58-56bd257cacf5', 'counter': 12, 'stdout': '\x1b[0;34mscript declined parsing /home/student/AnsibleProject/inventory as it did not pass its verify_file() method\x1b[0m', 'start_line': 11, 'end_line': 12, 'runner_ident': '642a6d86-fc4d-46f7-a25d-0ed53a8ebd6d', 'created': '2023-03-25T12:43:28.069828'}
2023-03-25T12:43:28.075138+00:00 CRITICAL 'ansible_navigator.actions.run_playbook._handle_message' Unhandled message from runner queue, discarded: {'event': 'verbose', 'uuid': '3b1f9e15-3583-4635-b529-db06fa314fb6', 'counter': 13, 'stdout': '\x1b[0;34mauto declined parsing /home/student/AnsibleProject/inventory as it did not pass its verify_file() method\x1b[0m', 'start_line': 12, 'end_line': 13, 'runner_ident': '642a6d86-fc4d-46f7-a25d-0ed53a8ebd6d', 'created': '2023-03-25T12:43:28.069873'}
2023-03-25T12:43:28.075189+00:00 CRITICAL 'ansible_navigator.actions.run_playbook._handle_message' Unhandled message from runner queue, discarded: {'event': 'verbose', 'uuid': 'a40c6573-6890-4458-bd57-ab6bdd7d1cd3', 'counter': 14, 'stdout': '\x1b[0;34mParsed /home/student/AnsibleProject/inventory inventory source with ini plugin\x1b[0m', 'start_line': 13, 'end_line': 14, 'runner_ident': '642a6d86-fc4d-46f7-a25d-0ed53a8ebd6d', 'created': '2023-03-25T12:43:28.071644'}
2023-03-25T12:43:28.248765+00:00 CRITICAL 'ansible_navigator.actions.run_playbook._handle_message' Unhandled message from runner queue, discarded: {'event': 'verbose', 'uuid': '98a5ce57-6653-4085-af21-61156e5b280b', 'counter': 15, 'stdout': '\x1b[0;34mredirecting (type: modules) ansible.builtin.selinux to ansible.posix.selinux\x1b[0m', 'start_line': 14, 'end_line': 15, 'runner_ident': '642a6d86-fc4d-46f7-a25d-0ed53a8ebd6d', 'created': '2023-03-25T12:43:28.244282'}
2023-03-25T12:43:28.248975+00:00 CRITICAL 'ansible_navigator.actions.run_playbook._handle_message' Unhandled message from runner queue, discarded: {'event': 'verbose', 'uuid': '6ac6d03b-d16f-4c4b-970d-0034fbe2cd7c', 'counter': 16, 'stdout': '\x1b[0;34mredirecting (type: modules) ansible.builtin.firewalld to ansible.posix.firewalld\x1b[0m', 'start_line': 15, 'end_line': 16, 'runner_ident': '642a6d86-fc4d-46f7-a25d-0ed53a8ebd6d', 'created': '2023-03-25T12:43:28.246872'}
2023-03-25T12:43:28.249071+00:00 CRITICAL 'ansible_navigator.actions.run_playbook._handle_message' Unhandled message from runner queue, discarded: {'event': 'verbose', 'uuid': '939845e4-6bd0-4cbb-b327-2ba673df38d7', 'counter': 17, 'stdout': '\x1b[0;34mredirecting (type: modules) ansible.builtin.firewalld to ansible.posix.firewalld\x1b[0m', 'start_line': 16, 'end_line': 17, 'runner_ident': '642a6d86-fc4d-46f7-a25d-0ed53a8ebd6d', 'created': '2023-03-25T12:43:28.247528'}
2023-03-25T12:43:28.249130+00:00 CRITICAL 'ansible_navigator.actions.run_playbook._handle_message' Unhandled message from runner queue, discarded: {'event': 'verbose', 'uuid': '6b422826-c8cd-463d-8dfb-e0a220489c0d', 'counter': 18, 'stdout': '\x1b[0;34mredirecting (type: modules) ansible.builtin.firewalld to ansible.posix.firewalld\x1b[0m', 'start_line': 17, 'end_line': 18, 'runner_ident': '642a6d86-fc4d-46f7-a25d-0ed53a8ebd6d', 'created': '2023-03-25T12:43:28.248066'}
2023-03-25T12:43:28.249183+00:00 CRITICAL 'ansible_navigator.actions.run_playbook._handle_message' Unhandled message from runner queue, discarded: {'event': 'verbose', 'uuid': 'e1ca7ed8-c548-44bc-b946-29f70159fd7f', 'counter': 19, 'stdout': '\x1b[0;34mredirecting (type: modules) ansible.builtin.firewalld to ansible.posix.firewalld\x1b[0m', 'start_line': 18, 'end_line': 19, 'runner_ident': '642a6d86-fc4d-46f7-a25d-0ed53a8ebd6d', 'created': '2023-03-25T12:43:28.248667'}
2023-03-25T12:43:28.259369+00:00 CRITICAL 'ansible_navigator.actions.run_playbook._handle_message' Unhandled message from runner queue, discarded: {'event': 'verbose', 'uuid': '0cafc2bd-0f7f-4216-bb7e-17050eb8d9f4', 'counter': 20, 'stdout': '\x1b[0;34mredirecting (type: modules) ansible.builtin.mount to ansible.posix.mount\x1b[0m', 'start_line': 19, 'end_line': 20, 'runner_ident': '642a6d86-fc4d-46f7-a25d-0ed53a8ebd6d', 'created': '2023-03-25T12:43:28.249505'}
2023-03-25T12:45:13.480792+00:00 WARNING 'ansible_navigator.run' Dirty exit, killing the pid
2023-03-25T12:50:29.148002+00:00 WARNING 'ansible_navigator.run' Dirty exit, killing the pid
2023-03-25T12:52:08.539345+00:00 WARNING 'ansible_navigator.run' Dirty exit, killing the pid
2023-03-25T12:52:14.106641+00:00 CRITICAL 'ansible_navigator.actions.run_playbook._handle_message' Unhandled message from runner queue, discarded: {'event': 'verbose', 'uuid': '18ec9239-143d-47c7-8eb9-21784dff96c1', 'counter': 1, 'stdout': '\x1b[0;34mansible-playbook [core 2.13.3]\x1b[0m', 'start_line': 0, 'end_line': 1, 'runner_ident': 'ce62fe18-550a-4524-9dc9-58b8fd5c68b0', 'created': '2023-03-25T12:52:14.105431'}
2023-03-25T12:52:14.107527+00:00 CRITICAL 'ansible_navigator.actions.run_playbook._handle_message' Unhandled message from runner queue, discarded: {'event': 'verbose', 'uuid': '95900def-c1dd-4ffd-ab6b-96bdec1106d7', 'counter': 2, 'stdout': '\x1b[0;34m  config file = /home/student/AnsibleProject/ansible.cfg\x1b[0m', 'start_line': 1, 'end_line': 2, 'runner_ident': 'ce62fe18-550a-4524-9dc9-58b8fd5c68b0', 'created': '2023-03-25T12:52:14.105803'}
2023-03-25T12:52:14.107683+00:00 CRITICAL 'ansible_navigator.actions.run_playbook._handle_message' Unhandled message from runner queue, discarded: {'event': 'verbose', 'uuid': '6cf44e60-f3ee-4556-be24-87cc1a0de6e3', 'counter': 3, 'stdout': "\x1b[0;34m  configured module search path = ['/home/runner/.ansible/plugins/modules', '/usr/share/ansible/plugins/modules']\x1b[0m", 'start_line': 2, 'end_line': 3, 'runner_ident': 'ce62fe18-550a-4524-9dc9-58b8fd5c68b0', 'created': '2023-03-25T12:52:14.105871'}
2023-03-25T12:52:14.107761+00:00 CRITICAL 'ansible_navigator.actions.run_playbook._handle_message' Unhandled message from runner queue, discarded: {'event': 'verbose', 'uuid': '472b7abf-c7ad-41b3-95c4-fed315f181d3', 'counter': 4, 'stdout': '\x1b[0;34m  ansible python module location = /usr/lib/python3.9/site-packages/ansible\x1b[0m', 'start_line': 3, 'end_line': 4, 'runner_ident': 'ce62fe18-550a-4524-9dc9-58b8fd5c68b0', 'created': '2023-03-25T12:52:14.105918'}
2023-03-25T12:52:14.107854+00:00 CRITICAL 'ansible_navigator.actions.run_playbook._handle_message' Unhandled message from runner queue, discarded: {'event': 'verbose', 'uuid': '613b5c29-0ff1-4de3-a108-1558653ed4f7', 'counter': 5, 'stdout': '\x1b[0;34m  ansible collection location = /home/runner/.ansible/collections:/usr/share/ansible/collections\x1b[0m', 'start_line': 4, 'end_line': 5, 'runner_ident': 'ce62fe18-550a-4524-9dc9-58b8fd5c68b0', 'created': '2023-03-25T12:52:14.105961'}
2023-03-25T12:52:14.107916+00:00 CRITICAL 'ansible_navigator.actions.run_playbook._handle_message' Unhandled message from runner queue, discarded: {'event': 'verbose', 'uuid': 'ea08ed7d-7eb5-4a34-9e2d-4c0de4df23a7', 'counter': 6, 'stdout': '\x1b[0;34m  executable location = /usr/bin/ansible-playbook\x1b[0m', 'start_line': 5, 'end_line': 6, 'runner_ident': 'ce62fe18-550a-4524-9dc9-58b8fd5c68b0', 'created': '2023-03-25T12:52:14.106002'}
2023-03-25T12:52:14.107974+00:00 CRITICAL 'ansible_navigator.actions.run_playbook._handle_message' Unhandled message from runner queue, discarded: {'event': 'verbose', 'uuid': '5692cb4f-8398-4340-8bc3-e09a7178b514', 'counter': 7, 'stdout': '\x1b[0;34m  python version = 3.9.7 (default, Sep 13 2021, 08:18:39) [GCC 8.5.0 20210514 (Red Hat 8.5.0-3)]\x1b[0m', 'start_line': 6, 'end_line': 7, 'runner_ident': 'ce62fe18-550a-4524-9dc9-58b8fd5c68b0', 'created': '2023-03-25T12:52:14.106045'}
2023-03-25T12:52:14.108034+00:00 CRITICAL 'ansible_navigator.actions.run_playbook._handle_message' Unhandled message from runner queue, discarded: {'event': 'verbose', 'uuid': '9c5e44d4-8383-494c-8103-651054195643', 'counter': 8, 'stdout': '\x1b[0;34m  jinja version = 3.0.3\x1b[0m', 'start_line': 7, 'end_line': 8, 'runner_ident': 'ce62fe18-550a-4524-9dc9-58b8fd5c68b0', 'created': '2023-03-25T12:52:14.106084'}
2023-03-25T12:52:14.108099+00:00 CRITICAL 'ansible_navigator.actions.run_playbook._handle_message' Unhandled message from runner queue, discarded: {'event': 'verbose', 'uuid': 'a38092fc-f893-4b69-9d7a-7de0af77d651', 'counter': 9, 'stdout': '\x1b[0;34m  libyaml = True\x1b[0m', 'start_line': 8, 'end_line': 9, 'runner_ident': 'ce62fe18-550a-4524-9dc9-58b8fd5c68b0', 'created': '2023-03-25T12:52:14.106123'}
2023-03-25T12:52:14.108174+00:00 CRITICAL 'ansible_navigator.actions.run_playbook._handle_message' Unhandled message from runner queue, discarded: {'event': 'verbose', 'uuid': 'c3191cf1-76c2-4a5d-b46c-80e0bc78e17c', 'counter': 10, 'stdout': '\x1b[0;34mUsing /home/student/AnsibleProject/ansible.cfg as config file\x1b[0m', 'start_line': 9, 'end_line': 10, 'runner_ident': 'ce62fe18-550a-4524-9dc9-58b8fd5c68b0', 'created': '2023-03-25T12:52:14.106163'}
2023-03-25T12:52:44.699104+00:00 WARNING 'ansible_navigator.run' Dirty exit, killing the pid
2023-03-25T15:09:15.294268+00:00 WARNING 'ansible_navigator.image_manager.puller._log_message' Image inspection failed, image assumed to be corrupted or missing
2023-03-25T15:09:15.734551+00:00 ERROR 'ansible_navigator.image_manager.puller._log_message' Execution environment pull failed
2023-03-26T18:43:28.613621+00:00 ERROR 'ansible_navigator.image_manager.puller._log_message' Execution environment pull failed
2023-03-27T15:35:01.393503+00:00 ERROR 'ansible_navigator.image_manager.puller._log_message' Execution environment pull failed
